The system is: Linux - 4.18.0-553.5.1.el8_10.x86_64 - x86_64
Compiling the C compiler identification source file "CMakeCCompilerId.c" succeeded.
Compiler: /opt/rocm-6.1.0/llvm/bin/clang 
Build flags: 
Id flags:  

The output was:
0


Compilation of the C compiler identification source "CMakeCCompilerId.c" produced "a.out"

The C compiler identification is Clang, found in "/home/fasanchezc/dualsphysics_hip/dualsphysics_hip/src/source/build/CMakeFiles/3.24.2/CompilerIdC/a.out"

Compiling the CXX compiler identification source file "CMakeCXXCompilerId.cpp" succeeded.
Compiler: /opt/rocm-6.1.0/llvm/bin/clang++ 
Build flags: 
Id flags:  

The output was:
0


Compilation of the CXX compiler identification source "CMakeCXXCompilerId.cpp" produced "a.out"

The CXX compiler identification is Clang, found in "/home/fasanchezc/dualsphysics_hip/dualsphysics_hip/src/source/build/CMakeFiles/3.24.2/CompilerIdCXX/a.out"

Detecting C compiler ABI info compiled with the following output:
Change Dir: /home/fasanchezc/dualsphysics_hip/dualsphysics_hip/src/source/build/CMakeFiles/CMakeTmp

Run Build Command(s):/usr/bin/gmake -f Makefile cmTC_cc353/fast && /usr/bin/gmake  -f CMakeFiles/cmTC_cc353.dir/build.make CMakeFiles/cmTC_cc353.dir/build
gmake[1]: Entering directory '/home/fasanchezc/dualsphysics_hip/dualsphysics_hip/src/source/build/CMakeFiles/CMakeTmp'
Building C object CMakeFiles/cmTC_cc353.dir/CMakeCCompilerABI.c.o
/opt/rocm-6.1.0/llvm/bin/clang   -v -MD -MT CMakeFiles/cmTC_cc353.dir/CMakeCCompilerABI.c.o -MF CMakeFiles/cmTC_cc353.dir/CMakeCCompilerABI.c.o.d -o CMakeFiles/cmTC_cc353.dir/CMakeCCompilerABI.c.o -c /opt/ohpc/pub/utils/cmake/3.24.2/share/cmake-3.24/Modules/CMakeCCompilerABI.c
AMD clang version 17.0.0 (https://github.com/RadeonOpenCompute/llvm-project roc-6.1.0 24103 7db7f5e49612030319346f900c08f474b1f9023a)
Target: x86_64-unknown-linux-gnu
Thread model: posix
InstalledDir: /opt/rocm-6.1.0/llvm/bin
Configuration file: /opt/rocm-6.1.0/lib/llvm/bin/clang.cfg
Found candidate GCC installation: /opt/rh/gcc-toolset-11/root/usr/lib/gcc/x86_64-redhat-linux/11
Selected GCC installation: /opt/rh/gcc-toolset-11/root/usr/lib/gcc/x86_64-redhat-linux/11
Candidate multilib: .;@m64
Candidate multilib: 32;@m32
Selected multilib: .;@m64
Found HIP installation: /opt/rocm-6.1.0/lib/llvm/bin/../../.., version 6.1.40091
 (in-process)
 "/opt/rocm-6.1.0/lib/llvm/bin/clang-17" -cc1 -triple x86_64-unknown-linux-gnu -emit-obj -mrelax-all -disable-free -clear-ast-before-backend -disable-llvm-verifier -discard-value-names -main-file-name CMakeCCompilerABI.c -mrelocation-model static -mframe-pointer=all -fmath-errno -ffp-contract=on -fno-rounding-math -mconstructor-aliases -funwind-tables=2 -target-cpu x86-64 -tune-cpu generic -debugger-tuning=gdb -v -fcoverage-compilation-dir=/home/fasanchezc/dualsphysics_hip/dualsphysics_hip/src/source/build/CMakeFiles/CMakeTmp -resource-dir /opt/rocm-6.1.0/lib/llvm/lib/clang/17 -dependency-file CMakeFiles/cmTC_cc353.dir/CMakeCCompilerABI.c.o.d -MT CMakeFiles/cmTC_cc353.dir/CMakeCCompilerABI.c.o -sys-header-deps -canonical-system-headers -internal-isystem /opt/rocm-6.1.0/lib/llvm/lib/clang/17/include -internal-isystem /usr/local/include -internal-isystem /opt/rh/gcc-toolset-11/root/usr/lib/gcc/x86_64-redhat-linux/11/../../../../x86_64-redhat-linux/include -internal-externc-isystem /include -internal-externc-isystem /usr/include -fdebug-compilation-dir=/home/fasanchezc/dualsphysics_hip/dualsphysics_hip/src/source/build/CMakeFiles/CMakeTmp -ferror-limit 19 -fgnuc-version=4.2.1 -faddrsig -D__GCC_HAVE_DWARF2_CFI_ASM=1 -o CMakeFiles/cmTC_cc353.dir/CMakeCCompilerABI.c.o -x c /opt/ohpc/pub/utils/cmake/3.24.2/share/cmake-3.24/Modules/CMakeCCompilerABI.c
clang -cc1 version 17.0.0 based upon LLVM 17.0.0git default target x86_64-unknown-linux-gnu
ignoring nonexistent directory "/opt/rh/gcc-toolset-11/root/usr/lib/gcc/x86_64-redhat-linux/11/../../../../x86_64-redhat-linux/include"
ignoring nonexistent directory "/include"
#include "..." search starts here:
#include <...> search starts here:
 /opt/rocm-6.1.0/lib/llvm/lib/clang/17/include
 /usr/local/include
 /usr/include
End of search list.
Linking C executable cmTC_cc353
/opt/ohpc/pub/utils/cmake/3.24.2/bin/cmake -E cmake_link_script CMakeFiles/cmTC_cc353.dir/link.txt --verbose=1
/opt/rocm-6.1.0/llvm/bin/clang  -v CMakeFiles/cmTC_cc353.dir/CMakeCCompilerABI.c.o -o cmTC_cc353 
AMD clang version 17.0.0 (https://github.com/RadeonOpenCompute/llvm-project roc-6.1.0 24103 7db7f5e49612030319346f900c08f474b1f9023a)
Target: x86_64-unknown-linux-gnu
Thread model: posix
InstalledDir: /opt/rocm-6.1.0/llvm/bin
Configuration file: /opt/rocm-6.1.0/lib/llvm/bin/clang.cfg
Found candidate GCC installation: /opt/rh/gcc-toolset-11/root/usr/lib/gcc/x86_64-redhat-linux/11
Selected GCC installation: /opt/rh/gcc-toolset-11/root/usr/lib/gcc/x86_64-redhat-linux/11
Candidate multilib: .;@m64
Candidate multilib: 32;@m32
Selected multilib: .;@m64
Found HIP installation: /opt/rocm-6.1.0/lib/llvm/bin/../../.., version 6.1.40091
 "/opt/rocm-6.1.0/llvm/bin/ld.lld" --hash-style=gnu --eh-frame-hdr -m elf_x86_64 -dynamic-linker /lib64/ld-linux-x86-64.so.2 -o cmTC_cc353 /lib/../lib64/crt1.o /lib/../lib64/crti.o /opt/rocm-6.1.0/lib/llvm/lib/clang/17/lib/linux/clang_rt.crtbegin-x86_64.o -L/opt/rh/gcc-toolset-11/root/usr/lib/gcc/x86_64-redhat-linux/11 -L/opt/rh/gcc-toolset-11/root/usr/lib/gcc/x86_64-redhat-linux/11/../../../../lib64 -L/lib/../lib64 -L/usr/lib/../lib64 -L/lib -L/usr/lib -L/opt/rocm-6.1.0/llvm/lib -L/usr/lib -L/usr/lib64 -L. --enable-new-dtags CMakeFiles/cmTC_cc353.dir/CMakeCCompilerABI.c.o /opt/rocm-6.1.0/lib/llvm/lib/clang/17/lib/linux/libclang_rt.builtins-x86_64.a --as-needed -lgcc_s --no-as-needed -lc /opt/rocm-6.1.0/lib/llvm/lib/clang/17/lib/linux/libclang_rt.builtins-x86_64.a --as-needed -lgcc_s --no-as-needed /opt/rocm-6.1.0/lib/llvm/lib/clang/17/lib/linux/clang_rt.crtend-x86_64.o /lib/../lib64/crtn.o
gmake[1]: Leaving directory '/home/fasanchezc/dualsphysics_hip/dualsphysics_hip/src/source/build/CMakeFiles/CMakeTmp'



Parsed C implicit include dir info from above output: rv=done
  found start of include info
  found start of implicit include info
    add: [/opt/rocm-6.1.0/lib/llvm/lib/clang/17/include]
    add: [/usr/local/include]
    add: [/usr/include]
  end of search list found
  collapse include dir [/opt/rocm-6.1.0/lib/llvm/lib/clang/17/include] ==> [/opt/rocm-6.1.0/lib/llvm/lib/clang/17/include]
  collapse include dir [/usr/local/include] ==> [/usr/local/include]
  collapse include dir [/usr/include] ==> [/usr/include]
  implicit include dirs: [/opt/rocm-6.1.0/lib/llvm/lib/clang/17/include;/usr/local/include;/usr/include]


Parsed C implicit link information from above output:
  link line regex: [^( *|.*[/\])(ld\.lld|CMAKE_LINK_STARTFILE-NOTFOUND|([^/\]+-)?ld|collect2)[^/\]*( |$)]
  ignore line: [Change Dir: /home/fasanchezc/dualsphysics_hip/dualsphysics_hip/src/source/build/CMakeFiles/CMakeTmp]
  ignore line: []
  ignore line: [Run Build Command(s):/usr/bin/gmake -f Makefile cmTC_cc353/fast && /usr/bin/gmake  -f CMakeFiles/cmTC_cc353.dir/build.make CMakeFiles/cmTC_cc353.dir/build]
  ignore line: [gmake[1]: Entering directory '/home/fasanchezc/dualsphysics_hip/dualsphysics_hip/src/source/build/CMakeFiles/CMakeTmp']
  ignore line: [Building C object CMakeFiles/cmTC_cc353.dir/CMakeCCompilerABI.c.o]
  ignore line: [/opt/rocm-6.1.0/llvm/bin/clang   -v -MD -MT CMakeFiles/cmTC_cc353.dir/CMakeCCompilerABI.c.o -MF CMakeFiles/cmTC_cc353.dir/CMakeCCompilerABI.c.o.d -o CMakeFiles/cmTC_cc353.dir/CMakeCCompilerABI.c.o -c /opt/ohpc/pub/utils/cmake/3.24.2/share/cmake-3.24/Modules/CMakeCCompilerABI.c]
  ignore line: [AMD clang version 17.0.0 (https://github.com/RadeonOpenCompute/llvm-project roc-6.1.0 24103 7db7f5e49612030319346f900c08f474b1f9023a)]
  ignore line: [Target: x86_64-unknown-linux-gnu]
  ignore line: [Thread model: posix]
  ignore line: [InstalledDir: /opt/rocm-6.1.0/llvm/bin]
  ignore line: [Configuration file: /opt/rocm-6.1.0/lib/llvm/bin/clang.cfg]
  ignore line: [Found candidate GCC installation: /opt/rh/gcc-toolset-11/root/usr/lib/gcc/x86_64-redhat-linux/11]
  ignore line: [Selected GCC installation: /opt/rh/gcc-toolset-11/root/usr/lib/gcc/x86_64-redhat-linux/11]
  ignore line: [Candidate multilib: .]
  ignore line: [@m64]
  ignore line: [Candidate multilib: 32]
  ignore line: [@m32]
  ignore line: [Selected multilib: .]
  ignore line: [@m64]
  ignore line: [Found HIP installation: /opt/rocm-6.1.0/lib/llvm/bin/../../..  version 6.1.40091]
  ignore line: [ (in-process)]
  ignore line: [ "/opt/rocm-6.1.0/lib/llvm/bin/clang-17" -cc1 -triple x86_64-unknown-linux-gnu -emit-obj -mrelax-all -disable-free -clear-ast-before-backend -disable-llvm-verifier -discard-value-names -main-file-name CMakeCCompilerABI.c -mrelocation-model static -mframe-pointer=all -fmath-errno -ffp-contract=on -fno-rounding-math -mconstructor-aliases -funwind-tables=2 -target-cpu x86-64 -tune-cpu generic -debugger-tuning=gdb -v -fcoverage-compilation-dir=/home/fasanchezc/dualsphysics_hip/dualsphysics_hip/src/source/build/CMakeFiles/CMakeTmp -resource-dir /opt/rocm-6.1.0/lib/llvm/lib/clang/17 -dependency-file CMakeFiles/cmTC_cc353.dir/CMakeCCompilerABI.c.o.d -MT CMakeFiles/cmTC_cc353.dir/CMakeCCompilerABI.c.o -sys-header-deps -canonical-system-headers -internal-isystem /opt/rocm-6.1.0/lib/llvm/lib/clang/17/include -internal-isystem /usr/local/include -internal-isystem /opt/rh/gcc-toolset-11/root/usr/lib/gcc/x86_64-redhat-linux/11/../../../../x86_64-redhat-linux/include -internal-externc-isystem /include -internal-externc-isystem /usr/include -fdebug-compilation-dir=/home/fasanchezc/dualsphysics_hip/dualsphysics_hip/src/source/build/CMakeFiles/CMakeTmp -ferror-limit 19 -fgnuc-version=4.2.1 -faddrsig -D__GCC_HAVE_DWARF2_CFI_ASM=1 -o CMakeFiles/cmTC_cc353.dir/CMakeCCompilerABI.c.o -x c /opt/ohpc/pub/utils/cmake/3.24.2/share/cmake-3.24/Modules/CMakeCCompilerABI.c]
  ignore line: [clang -cc1 version 17.0.0 based upon LLVM 17.0.0git default target x86_64-unknown-linux-gnu]
  ignore line: [ignoring nonexistent directory "/opt/rh/gcc-toolset-11/root/usr/lib/gcc/x86_64-redhat-linux/11/../../../../x86_64-redhat-linux/include"]
  ignore line: [ignoring nonexistent directory "/include"]
  ignore line: [#include "..." search starts here:]
  ignore line: [#include <...> search starts here:]
  ignore line: [ /opt/rocm-6.1.0/lib/llvm/lib/clang/17/include]
  ignore line: [ /usr/local/include]
  ignore line: [ /usr/include]
  ignore line: [End of search list.]
  ignore line: [Linking C executable cmTC_cc353]
  ignore line: [/opt/ohpc/pub/utils/cmake/3.24.2/bin/cmake -E cmake_link_script CMakeFiles/cmTC_cc353.dir/link.txt --verbose=1]
  ignore line: [/opt/rocm-6.1.0/llvm/bin/clang  -v CMakeFiles/cmTC_cc353.dir/CMakeCCompilerABI.c.o -o cmTC_cc353 ]
  ignore line: [AMD clang version 17.0.0 (https://github.com/RadeonOpenCompute/llvm-project roc-6.1.0 24103 7db7f5e49612030319346f900c08f474b1f9023a)]
  ignore line: [Target: x86_64-unknown-linux-gnu]
  ignore line: [Thread model: posix]
  ignore line: [InstalledDir: /opt/rocm-6.1.0/llvm/bin]
  ignore line: [Configuration file: /opt/rocm-6.1.0/lib/llvm/bin/clang.cfg]
  ignore line: [Found candidate GCC installation: /opt/rh/gcc-toolset-11/root/usr/lib/gcc/x86_64-redhat-linux/11]
  ignore line: [Selected GCC installation: /opt/rh/gcc-toolset-11/root/usr/lib/gcc/x86_64-redhat-linux/11]
  ignore line: [Candidate multilib: .]
  ignore line: [@m64]
  ignore line: [Candidate multilib: 32]
  ignore line: [@m32]
  ignore line: [Selected multilib: .]
  ignore line: [@m64]
  ignore line: [Found HIP installation: /opt/rocm-6.1.0/lib/llvm/bin/../../..  version 6.1.40091]
  link line: [ "/opt/rocm-6.1.0/llvm/bin/ld.lld" --hash-style=gnu --eh-frame-hdr -m elf_x86_64 -dynamic-linker /lib64/ld-linux-x86-64.so.2 -o cmTC_cc353 /lib/../lib64/crt1.o /lib/../lib64/crti.o /opt/rocm-6.1.0/lib/llvm/lib/clang/17/lib/linux/clang_rt.crtbegin-x86_64.o -L/opt/rh/gcc-toolset-11/root/usr/lib/gcc/x86_64-redhat-linux/11 -L/opt/rh/gcc-toolset-11/root/usr/lib/gcc/x86_64-redhat-linux/11/../../../../lib64 -L/lib/../lib64 -L/usr/lib/../lib64 -L/lib -L/usr/lib -L/opt/rocm-6.1.0/llvm/lib -L/usr/lib -L/usr/lib64 -L. --enable-new-dtags CMakeFiles/cmTC_cc353.dir/CMakeCCompilerABI.c.o /opt/rocm-6.1.0/lib/llvm/lib/clang/17/lib/linux/libclang_rt.builtins-x86_64.a --as-needed -lgcc_s --no-as-needed -lc /opt/rocm-6.1.0/lib/llvm/lib/clang/17/lib/linux/libclang_rt.builtins-x86_64.a --as-needed -lgcc_s --no-as-needed /opt/rocm-6.1.0/lib/llvm/lib/clang/17/lib/linux/clang_rt.crtend-x86_64.o /lib/../lib64/crtn.o]
    arg [/opt/rocm-6.1.0/llvm/bin/ld.lld] ==> ignore
    arg [--hash-style=gnu] ==> ignore
    arg [--eh-frame-hdr] ==> ignore
    arg [-m] ==> ignore
    arg [elf_x86_64] ==> ignore
    arg [-dynamic-linker] ==> ignore
    arg [/lib64/ld-linux-x86-64.so.2] ==> ignore
    arg [-o] ==> ignore
    arg [cmTC_cc353] ==> ignore
    arg [/lib/../lib64/crt1.o] ==> obj [/lib/../lib64/crt1.o]
    arg [/lib/../lib64/crti.o] ==> obj [/lib/../lib64/crti.o]
    arg [/opt/rocm-6.1.0/lib/llvm/lib/clang/17/lib/linux/clang_rt.crtbegin-x86_64.o] ==> obj [/opt/rocm-6.1.0/lib/llvm/lib/clang/17/lib/linux/clang_rt.crtbegin-x86_64.o]
    arg [-L/opt/rh/gcc-toolset-11/root/usr/lib/gcc/x86_64-redhat-linux/11] ==> dir [/opt/rh/gcc-toolset-11/root/usr/lib/gcc/x86_64-redhat-linux/11]
    arg [-L/opt/rh/gcc-toolset-11/root/usr/lib/gcc/x86_64-redhat-linux/11/../../../../lib64] ==> dir [/opt/rh/gcc-toolset-11/root/usr/lib/gcc/x86_64-redhat-linux/11/../../../../lib64]
    arg [-L/lib/../lib64] ==> dir [/lib/../lib64]
    arg [-L/usr/lib/../lib64] ==> dir [/usr/lib/../lib64]
    arg [-L/lib] ==> dir [/lib]
    arg [-L/usr/lib] ==> dir [/usr/lib]
    arg [-L/opt/rocm-6.1.0/llvm/lib] ==> dir [/opt/rocm-6.1.0/llvm/lib]
    arg [-L/usr/lib] ==> dir [/usr/lib]
    arg [-L/usr/lib64] ==> dir [/usr/lib64]
    arg [-L.] ==> ignore
    arg [--enable-new-dtags] ==> ignore
    arg [CMakeFiles/cmTC_cc353.dir/CMakeCCompilerABI.c.o] ==> ignore
    arg [/opt/rocm-6.1.0/lib/llvm/lib/clang/17/lib/linux/libclang_rt.builtins-x86_64.a] ==> lib [/opt/rocm-6.1.0/lib/llvm/lib/clang/17/lib/linux/libclang_rt.builtins-x86_64.a]
    arg [--as-needed] ==> ignore
    arg [-lgcc_s] ==> lib [gcc_s]
    arg [--no-as-needed] ==> ignore
    arg [-lc] ==> lib [c]
    arg [/opt/rocm-6.1.0/lib/llvm/lib/clang/17/lib/linux/libclang_rt.builtins-x86_64.a] ==> lib [/opt/rocm-6.1.0/lib/llvm/lib/clang/17/lib/linux/libclang_rt.builtins-x86_64.a]
    arg [--as-needed] ==> ignore
    arg [-lgcc_s] ==> lib [gcc_s]
    arg [--no-as-needed] ==> ignore
    arg [/opt/rocm-6.1.0/lib/llvm/lib/clang/17/lib/linux/clang_rt.crtend-x86_64.o] ==> obj [/opt/rocm-6.1.0/lib/llvm/lib/clang/17/lib/linux/clang_rt.crtend-x86_64.o]
    arg [/lib/../lib64/crtn.o] ==> obj [/lib/../lib64/crtn.o]
  remove lib [/opt/rocm-6.1.0/lib/llvm/lib/clang/17/lib/linux/libclang_rt.builtins-x86_64.a]
  remove lib [/opt/rocm-6.1.0/lib/llvm/lib/clang/17/lib/linux/libclang_rt.builtins-x86_64.a]
  collapse obj [/lib/../lib64/crt1.o] ==> [/lib64/crt1.o]
  collapse obj [/lib/../lib64/crti.o] ==> [/lib64/crti.o]
  collapse obj [/lib/../lib64/crtn.o] ==> [/lib64/crtn.o]
  collapse library dir [/opt/rh/gcc-toolset-11/root/usr/lib/gcc/x86_64-redhat-linux/11] ==> [/opt/rh/gcc-toolset-11/root/usr/lib/gcc/x86_64-redhat-linux/11]
  collapse library dir [/opt/rh/gcc-toolset-11/root/usr/lib/gcc/x86_64-redhat-linux/11/../../../../lib64] ==> [/opt/rh/gcc-toolset-11/root/usr/lib64]
  collapse library dir [/lib/../lib64] ==> [/lib64]
  collapse library dir [/usr/lib/../lib64] ==> [/usr/lib64]
  collapse library dir [/lib] ==> [/lib]
  collapse library dir [/usr/lib] ==> [/usr/lib]
  collapse library dir [/opt/rocm-6.1.0/llvm/lib] ==> [/opt/rocm-6.1.0/llvm/lib]
  collapse library dir [/usr/lib] ==> [/usr/lib]
  collapse library dir [/usr/lib64] ==> [/usr/lib64]
  implicit libs: [gcc_s;c;gcc_s]
  implicit objs: [/lib64/crt1.o;/lib64/crti.o;/opt/rocm-6.1.0/lib/llvm/lib/clang/17/lib/linux/clang_rt.crtbegin-x86_64.o;/opt/rocm-6.1.0/lib/llvm/lib/clang/17/lib/linux/clang_rt.crtend-x86_64.o;/lib64/crtn.o]
  implicit dirs: [/opt/rh/gcc-toolset-11/root/usr/lib/gcc/x86_64-redhat-linux/11;/opt/rh/gcc-toolset-11/root/usr/lib64;/lib64;/usr/lib64;/lib;/usr/lib;/opt/rocm-6.1.0/llvm/lib]
  implicit fwks: []


Detecting CXX compiler ABI info compiled with the following output:
Change Dir: /home/fasanchezc/dualsphysics_hip/dualsphysics_hip/src/source/build/CMakeFiles/CMakeTmp

Run Build Command(s):/usr/bin/gmake -f Makefile cmTC_d08c7/fast && /usr/bin/gmake  -f CMakeFiles/cmTC_d08c7.dir/build.make CMakeFiles/cmTC_d08c7.dir/build
gmake[1]: Entering directory '/home/fasanchezc/dualsphysics_hip/dualsphysics_hip/src/source/build/CMakeFiles/CMakeTmp'
Building CXX object CMakeFiles/cmTC_d08c7.dir/CMakeCXXCompilerABI.cpp.o
/opt/rocm-6.1.0/llvm/bin/clang++   -v -MD -MT CMakeFiles/cmTC_d08c7.dir/CMakeCXXCompilerABI.cpp.o -MF CMakeFiles/cmTC_d08c7.dir/CMakeCXXCompilerABI.cpp.o.d -o CMakeFiles/cmTC_d08c7.dir/CMakeCXXCompilerABI.cpp.o -c /opt/ohpc/pub/utils/cmake/3.24.2/share/cmake-3.24/Modules/CMakeCXXCompilerABI.cpp
AMD clang version 17.0.0 (https://github.com/RadeonOpenCompute/llvm-project roc-6.1.0 24103 7db7f5e49612030319346f900c08f474b1f9023a)
Target: x86_64-unknown-linux-gnu
Thread model: posix
InstalledDir: /opt/rocm-6.1.0/llvm/bin
Configuration file: /opt/rocm-6.1.0/lib/llvm/bin/clang++.cfg
Found candidate GCC installation: /opt/rh/gcc-toolset-11/root/usr/lib/gcc/x86_64-redhat-linux/11
Selected GCC installation: /opt/rh/gcc-toolset-11/root/usr/lib/gcc/x86_64-redhat-linux/11
Candidate multilib: .;@m64
Candidate multilib: 32;@m32
Selected multilib: .;@m64
Found HIP installation: /opt/rocm-6.1.0/lib/llvm/bin/../../.., version 6.1.40091
 (in-process)
 "/opt/rocm-6.1.0/lib/llvm/bin/clang-17" -cc1 -triple x86_64-unknown-linux-gnu -emit-obj -mrelax-all -disable-free -clear-ast-before-backend -disable-llvm-verifier -discard-value-names -main-file-name CMakeCXXCompilerABI.cpp -mrelocation-model static -mframe-pointer=all -fmath-errno -ffp-contract=on -fno-rounding-math -mconstructor-aliases -funwind-tables=2 -target-cpu x86-64 -tune-cpu generic -debugger-tuning=gdb -v -fcoverage-compilation-dir=/home/fasanchezc/dualsphysics_hip/dualsphysics_hip/src/source/build/CMakeFiles/CMakeTmp -resource-dir /opt/rocm-6.1.0/lib/llvm/lib/clang/17 -dependency-file CMakeFiles/cmTC_d08c7.dir/CMakeCXXCompilerABI.cpp.o.d -MT CMakeFiles/cmTC_d08c7.dir/CMakeCXXCompilerABI.cpp.o -sys-header-deps -canonical-system-headers -internal-isystem /opt/rh/gcc-toolset-11/root/usr/lib/gcc/x86_64-redhat-linux/11/../../../../include/c++/11 -internal-isystem /opt/rh/gcc-toolset-11/root/usr/lib/gcc/x86_64-redhat-linux/11/../../../../include/c++/11/x86_64-redhat-linux -internal-isystem /opt/rh/gcc-toolset-11/root/usr/lib/gcc/x86_64-redhat-linux/11/../../../../include/c++/11/backward -internal-isystem /opt/rocm-6.1.0/lib/llvm/lib/clang/17/include -internal-isystem /usr/local/include -internal-isystem /opt/rh/gcc-toolset-11/root/usr/lib/gcc/x86_64-redhat-linux/11/../../../../x86_64-redhat-linux/include -internal-externc-isystem /include -internal-externc-isystem /usr/include -fdeprecated-macro -fdebug-compilation-dir=/home/fasanchezc/dualsphysics_hip/dualsphysics_hip/src/source/build/CMakeFiles/CMakeTmp -ferror-limit 19 -fgnuc-version=4.2.1 -fcxx-exceptions -fexceptions -faddrsig -D__GCC_HAVE_DWARF2_CFI_ASM=1 -o CMakeFiles/cmTC_d08c7.dir/CMakeCXXCompilerABI.cpp.o -x c++ /opt/ohpc/pub/utils/cmake/3.24.2/share/cmake-3.24/Modules/CMakeCXXCompilerABI.cpp
clang -cc1 version 17.0.0 based upon LLVM 17.0.0git default target x86_64-unknown-linux-gnu
ignoring nonexistent directory "/opt/rh/gcc-toolset-11/root/usr/lib/gcc/x86_64-redhat-linux/11/../../../../x86_64-redhat-linux/include"
ignoring nonexistent directory "/include"
#include "..." search starts here:
#include <...> search starts here:
 /opt/rh/gcc-toolset-11/root/usr/lib/gcc/x86_64-redhat-linux/11/../../../../include/c++/11
 /opt/rh/gcc-toolset-11/root/usr/lib/gcc/x86_64-redhat-linux/11/../../../../include/c++/11/x86_64-redhat-linux
 /opt/rh/gcc-toolset-11/root/usr/lib/gcc/x86_64-redhat-linux/11/../../../../include/c++/11/backward
 /opt/rocm-6.1.0/lib/llvm/lib/clang/17/include
 /usr/local/include
 /usr/include
End of search list.
Linking CXX executable cmTC_d08c7
/opt/ohpc/pub/utils/cmake/3.24.2/bin/cmake -E cmake_link_script CMakeFiles/cmTC_d08c7.dir/link.txt --verbose=1
/opt/rocm-6.1.0/llvm/bin/clang++  -v CMakeFiles/cmTC_d08c7.dir/CMakeCXXCompilerABI.cpp.o -o cmTC_d08c7 
AMD clang version 17.0.0 (https://github.com/RadeonOpenCompute/llvm-project roc-6.1.0 24103 7db7f5e49612030319346f900c08f474b1f9023a)
Target: x86_64-unknown-linux-gnu
Thread model: posix
InstalledDir: /opt/rocm-6.1.0/llvm/bin
Configuration file: /opt/rocm-6.1.0/lib/llvm/bin/clang++.cfg
Found candidate GCC installation: /opt/rh/gcc-toolset-11/root/usr/lib/gcc/x86_64-redhat-linux/11
Selected GCC installation: /opt/rh/gcc-toolset-11/root/usr/lib/gcc/x86_64-redhat-linux/11
Candidate multilib: .;@m64
Candidate multilib: 32;@m32
Selected multilib: .;@m64
Found HIP installation: /opt/rocm-6.1.0/lib/llvm/bin/../../.., version 6.1.40091
 "/opt/rocm-6.1.0/llvm/bin/ld.lld" --hash-style=gnu --eh-frame-hdr -m elf_x86_64 -dynamic-linker /lib64/ld-linux-x86-64.so.2 -o cmTC_d08c7 /lib/../lib64/crt1.o /lib/../lib64/crti.o /opt/rocm-6.1.0/lib/llvm/lib/clang/17/lib/linux/clang_rt.crtbegin-x86_64.o -L/opt/rh/gcc-toolset-11/root/usr/lib/gcc/x86_64-redhat-linux/11 -L/opt/rh/gcc-toolset-11/root/usr/lib/gcc/x86_64-redhat-linux/11/../../../../lib64 -L/lib/../lib64 -L/usr/lib/../lib64 -L/lib -L/usr/lib -L/opt/rocm-6.1.0/llvm/lib -L/usr/lib -L/usr/lib64 -L. --enable-new-dtags CMakeFiles/cmTC_d08c7.dir/CMakeCXXCompilerABI.cpp.o -lstdc++ -lm /opt/rocm-6.1.0/lib/llvm/lib/clang/17/lib/linux/libclang_rt.builtins-x86_64.a -lgcc_s -lc /opt/rocm-6.1.0/lib/llvm/lib/clang/17/lib/linux/libclang_rt.builtins-x86_64.a -lgcc_s /opt/rocm-6.1.0/lib/llvm/lib/clang/17/lib/linux/clang_rt.crtend-x86_64.o /lib/../lib64/crtn.o
gmake[1]: Leaving directory '/home/fasanchezc/dualsphysics_hip/dualsphysics_hip/src/source/build/CMakeFiles/CMakeTmp'



Parsed CXX implicit include dir info from above output: rv=done
  found start of include info
  found start of implicit include info
    add: [/opt/rh/gcc-toolset-11/root/usr/lib/gcc/x86_64-redhat-linux/11/../../../../include/c++/11]
    add: [/opt/rh/gcc-toolset-11/root/usr/lib/gcc/x86_64-redhat-linux/11/../../../../include/c++/11/x86_64-redhat-linux]
    add: [/opt/rh/gcc-toolset-11/root/usr/lib/gcc/x86_64-redhat-linux/11/../../../../include/c++/11/backward]
    add: [/opt/rocm-6.1.0/lib/llvm/lib/clang/17/include]
    add: [/usr/local/include]
    add: [/usr/include]
  end of search list found
  collapse include dir [/opt/rh/gcc-toolset-11/root/usr/lib/gcc/x86_64-redhat-linux/11/../../../../include/c++/11] ==> [/opt/rh/gcc-toolset-11/root/usr/include/c++/11]
  collapse include dir [/opt/rh/gcc-toolset-11/root/usr/lib/gcc/x86_64-redhat-linux/11/../../../../include/c++/11/x86_64-redhat-linux] ==> [/opt/rh/gcc-toolset-11/root/usr/include/c++/11/x86_64-redhat-linux]
  collapse include dir [/opt/rh/gcc-toolset-11/root/usr/lib/gcc/x86_64-redhat-linux/11/../../../../include/c++/11/backward] ==> [/opt/rh/gcc-toolset-11/root/usr/include/c++/11/backward]
  collapse include dir [/opt/rocm-6.1.0/lib/llvm/lib/clang/17/include] ==> [/opt/rocm-6.1.0/lib/llvm/lib/clang/17/include]
  collapse include dir [/usr/local/include] ==> [/usr/local/include]
  collapse include dir [/usr/include] ==> [/usr/include]
  implicit include dirs: [/opt/rh/gcc-toolset-11/root/usr/include/c++/11;/opt/rh/gcc-toolset-11/root/usr/include/c++/11/x86_64-redhat-linux;/opt/rh/gcc-toolset-11/root/usr/include/c++/11/backward;/opt/rocm-6.1.0/lib/llvm/lib/clang/17/include;/usr/local/include;/usr/include]


Parsed CXX implicit link information from above output:
  link line regex: [^( *|.*[/\])(ld\.lld|CMAKE_LINK_STARTFILE-NOTFOUND|([^/\]+-)?ld|collect2)[^/\]*( |$)]
  ignore line: [Change Dir: /home/fasanchezc/dualsphysics_hip/dualsphysics_hip/src/source/build/CMakeFiles/CMakeTmp]
  ignore line: []
  ignore line: [Run Build Command(s):/usr/bin/gmake -f Makefile cmTC_d08c7/fast && /usr/bin/gmake  -f CMakeFiles/cmTC_d08c7.dir/build.make CMakeFiles/cmTC_d08c7.dir/build]
  ignore line: [gmake[1]: Entering directory '/home/fasanchezc/dualsphysics_hip/dualsphysics_hip/src/source/build/CMakeFiles/CMakeTmp']
  ignore line: [Building CXX object CMakeFiles/cmTC_d08c7.dir/CMakeCXXCompilerABI.cpp.o]
  ignore line: [/opt/rocm-6.1.0/llvm/bin/clang++   -v -MD -MT CMakeFiles/cmTC_d08c7.dir/CMakeCXXCompilerABI.cpp.o -MF CMakeFiles/cmTC_d08c7.dir/CMakeCXXCompilerABI.cpp.o.d -o CMakeFiles/cmTC_d08c7.dir/CMakeCXXCompilerABI.cpp.o -c /opt/ohpc/pub/utils/cmake/3.24.2/share/cmake-3.24/Modules/CMakeCXXCompilerABI.cpp]
  ignore line: [AMD clang version 17.0.0 (https://github.com/RadeonOpenCompute/llvm-project roc-6.1.0 24103 7db7f5e49612030319346f900c08f474b1f9023a)]
  ignore line: [Target: x86_64-unknown-linux-gnu]
  ignore line: [Thread model: posix]
  ignore line: [InstalledDir: /opt/rocm-6.1.0/llvm/bin]
  ignore line: [Configuration file: /opt/rocm-6.1.0/lib/llvm/bin/clang++.cfg]
  ignore line: [Found candidate GCC installation: /opt/rh/gcc-toolset-11/root/usr/lib/gcc/x86_64-redhat-linux/11]
  ignore line: [Selected GCC installation: /opt/rh/gcc-toolset-11/root/usr/lib/gcc/x86_64-redhat-linux/11]
  ignore line: [Candidate multilib: .]
  ignore line: [@m64]
  ignore line: [Candidate multilib: 32]
  ignore line: [@m32]
  ignore line: [Selected multilib: .]
  ignore line: [@m64]
  ignore line: [Found HIP installation: /opt/rocm-6.1.0/lib/llvm/bin/../../..  version 6.1.40091]
  ignore line: [ (in-process)]
  ignore line: [ "/opt/rocm-6.1.0/lib/llvm/bin/clang-17" -cc1 -triple x86_64-unknown-linux-gnu -emit-obj -mrelax-all -disable-free -clear-ast-before-backend -disable-llvm-verifier -discard-value-names -main-file-name CMakeCXXCompilerABI.cpp -mrelocation-model static -mframe-pointer=all -fmath-errno -ffp-contract=on -fno-rounding-math -mconstructor-aliases -funwind-tables=2 -target-cpu x86-64 -tune-cpu generic -debugger-tuning=gdb -v -fcoverage-compilation-dir=/home/fasanchezc/dualsphysics_hip/dualsphysics_hip/src/source/build/CMakeFiles/CMakeTmp -resource-dir /opt/rocm-6.1.0/lib/llvm/lib/clang/17 -dependency-file CMakeFiles/cmTC_d08c7.dir/CMakeCXXCompilerABI.cpp.o.d -MT CMakeFiles/cmTC_d08c7.dir/CMakeCXXCompilerABI.cpp.o -sys-header-deps -canonical-system-headers -internal-isystem /opt/rh/gcc-toolset-11/root/usr/lib/gcc/x86_64-redhat-linux/11/../../../../include/c++/11 -internal-isystem /opt/rh/gcc-toolset-11/root/usr/lib/gcc/x86_64-redhat-linux/11/../../../../include/c++/11/x86_64-redhat-linux -internal-isystem /opt/rh/gcc-toolset-11/root/usr/lib/gcc/x86_64-redhat-linux/11/../../../../include/c++/11/backward -internal-isystem /opt/rocm-6.1.0/lib/llvm/lib/clang/17/include -internal-isystem /usr/local/include -internal-isystem /opt/rh/gcc-toolset-11/root/usr/lib/gcc/x86_64-redhat-linux/11/../../../../x86_64-redhat-linux/include -internal-externc-isystem /include -internal-externc-isystem /usr/include -fdeprecated-macro -fdebug-compilation-dir=/home/fasanchezc/dualsphysics_hip/dualsphysics_hip/src/source/build/CMakeFiles/CMakeTmp -ferror-limit 19 -fgnuc-version=4.2.1 -fcxx-exceptions -fexceptions -faddrsig -D__GCC_HAVE_DWARF2_CFI_ASM=1 -o CMakeFiles/cmTC_d08c7.dir/CMakeCXXCompilerABI.cpp.o -x c++ /opt/ohpc/pub/utils/cmake/3.24.2/share/cmake-3.24/Modules/CMakeCXXCompilerABI.cpp]
  ignore line: [clang -cc1 version 17.0.0 based upon LLVM 17.0.0git default target x86_64-unknown-linux-gnu]
  ignore line: [ignoring nonexistent directory "/opt/rh/gcc-toolset-11/root/usr/lib/gcc/x86_64-redhat-linux/11/../../../../x86_64-redhat-linux/include"]
  ignore line: [ignoring nonexistent directory "/include"]
  ignore line: [#include "..." search starts here:]
  ignore line: [#include <...> search starts here:]
  ignore line: [ /opt/rh/gcc-toolset-11/root/usr/lib/gcc/x86_64-redhat-linux/11/../../../../include/c++/11]
  ignore line: [ /opt/rh/gcc-toolset-11/root/usr/lib/gcc/x86_64-redhat-linux/11/../../../../include/c++/11/x86_64-redhat-linux]
  ignore line: [ /opt/rh/gcc-toolset-11/root/usr/lib/gcc/x86_64-redhat-linux/11/../../../../include/c++/11/backward]
  ignore line: [ /opt/rocm-6.1.0/lib/llvm/lib/clang/17/include]
  ignore line: [ /usr/local/include]
  ignore line: [ /usr/include]
  ignore line: [End of search list.]
  ignore line: [Linking CXX executable cmTC_d08c7]
  ignore line: [/opt/ohpc/pub/utils/cmake/3.24.2/bin/cmake -E cmake_link_script CMakeFiles/cmTC_d08c7.dir/link.txt --verbose=1]
  ignore line: [/opt/rocm-6.1.0/llvm/bin/clang++  -v CMakeFiles/cmTC_d08c7.dir/CMakeCXXCompilerABI.cpp.o -o cmTC_d08c7 ]
  ignore line: [AMD clang version 17.0.0 (https://github.com/RadeonOpenCompute/llvm-project roc-6.1.0 24103 7db7f5e49612030319346f900c08f474b1f9023a)]
  ignore line: [Target: x86_64-unknown-linux-gnu]
  ignore line: [Thread model: posix]
  ignore line: [InstalledDir: /opt/rocm-6.1.0/llvm/bin]
  ignore line: [Configuration file: /opt/rocm-6.1.0/lib/llvm/bin/clang++.cfg]
  ignore line: [Found candidate GCC installation: /opt/rh/gcc-toolset-11/root/usr/lib/gcc/x86_64-redhat-linux/11]
  ignore line: [Selected GCC installation: /opt/rh/gcc-toolset-11/root/usr/lib/gcc/x86_64-redhat-linux/11]
  ignore line: [Candidate multilib: .]
  ignore line: [@m64]
  ignore line: [Candidate multilib: 32]
  ignore line: [@m32]
  ignore line: [Selected multilib: .]
  ignore line: [@m64]
  ignore line: [Found HIP installation: /opt/rocm-6.1.0/lib/llvm/bin/../../..  version 6.1.40091]
  link line: [ "/opt/rocm-6.1.0/llvm/bin/ld.lld" --hash-style=gnu --eh-frame-hdr -m elf_x86_64 -dynamic-linker /lib64/ld-linux-x86-64.so.2 -o cmTC_d08c7 /lib/../lib64/crt1.o /lib/../lib64/crti.o /opt/rocm-6.1.0/lib/llvm/lib/clang/17/lib/linux/clang_rt.crtbegin-x86_64.o -L/opt/rh/gcc-toolset-11/root/usr/lib/gcc/x86_64-redhat-linux/11 -L/opt/rh/gcc-toolset-11/root/usr/lib/gcc/x86_64-redhat-linux/11/../../../../lib64 -L/lib/../lib64 -L/usr/lib/../lib64 -L/lib -L/usr/lib -L/opt/rocm-6.1.0/llvm/lib -L/usr/lib -L/usr/lib64 -L. --enable-new-dtags CMakeFiles/cmTC_d08c7.dir/CMakeCXXCompilerABI.cpp.o -lstdc++ -lm /opt/rocm-6.1.0/lib/llvm/lib/clang/17/lib/linux/libclang_rt.builtins-x86_64.a -lgcc_s -lc /opt/rocm-6.1.0/lib/llvm/lib/clang/17/lib/linux/libclang_rt.builtins-x86_64.a -lgcc_s /opt/rocm-6.1.0/lib/llvm/lib/clang/17/lib/linux/clang_rt.crtend-x86_64.o /lib/../lib64/crtn.o]
    arg [/opt/rocm-6.1.0/llvm/bin/ld.lld] ==> ignore
    arg [--hash-style=gnu] ==> ignore
    arg [--eh-frame-hdr] ==> ignore
    arg [-m] ==> ignore
    arg [elf_x86_64] ==> ignore
    arg [-dynamic-linker] ==> ignore
    arg [/lib64/ld-linux-x86-64.so.2] ==> ignore
    arg [-o] ==> ignore
    arg [cmTC_d08c7] ==> ignore
    arg [/lib/../lib64/crt1.o] ==> obj [/lib/../lib64/crt1.o]
    arg [/lib/../lib64/crti.o] ==> obj [/lib/../lib64/crti.o]
    arg [/opt/rocm-6.1.0/lib/llvm/lib/clang/17/lib/linux/clang_rt.crtbegin-x86_64.o] ==> obj [/opt/rocm-6.1.0/lib/llvm/lib/clang/17/lib/linux/clang_rt.crtbegin-x86_64.o]
    arg [-L/opt/rh/gcc-toolset-11/root/usr/lib/gcc/x86_64-redhat-linux/11] ==> dir [/opt/rh/gcc-toolset-11/root/usr/lib/gcc/x86_64-redhat-linux/11]
    arg [-L/opt/rh/gcc-toolset-11/root/usr/lib/gcc/x86_64-redhat-linux/11/../../../../lib64] ==> dir [/opt/rh/gcc-toolset-11/root/usr/lib/gcc/x86_64-redhat-linux/11/../../../../lib64]
    arg [-L/lib/../lib64] ==> dir [/lib/../lib64]
    arg [-L/usr/lib/../lib64] ==> dir [/usr/lib/../lib64]
    arg [-L/lib] ==> dir [/lib]
    arg [-L/usr/lib] ==> dir [/usr/lib]
    arg [-L/opt/rocm-6.1.0/llvm/lib] ==> dir [/opt/rocm-6.1.0/llvm/lib]
    arg [-L/usr/lib] ==> dir [/usr/lib]
    arg [-L/usr/lib64] ==> dir [/usr/lib64]
    arg [-L.] ==> ignore
    arg [--enable-new-dtags] ==> ignore
    arg [CMakeFiles/cmTC_d08c7.dir/CMakeCXXCompilerABI.cpp.o] ==> ignore
    arg [-lstdc++] ==> lib [stdc++]
    arg [-lm] ==> lib [m]
    arg [/opt/rocm-6.1.0/lib/llvm/lib/clang/17/lib/linux/libclang_rt.builtins-x86_64.a] ==> lib [/opt/rocm-6.1.0/lib/llvm/lib/clang/17/lib/linux/libclang_rt.builtins-x86_64.a]
    arg [-lgcc_s] ==> lib [gcc_s]
    arg [-lc] ==> lib [c]
    arg [/opt/rocm-6.1.0/lib/llvm/lib/clang/17/lib/linux/libclang_rt.builtins-x86_64.a] ==> lib [/opt/rocm-6.1.0/lib/llvm/lib/clang/17/lib/linux/libclang_rt.builtins-x86_64.a]
    arg [-lgcc_s] ==> lib [gcc_s]
    arg [/opt/rocm-6.1.0/lib/llvm/lib/clang/17/lib/linux/clang_rt.crtend-x86_64.o] ==> obj [/opt/rocm-6.1.0/lib/llvm/lib/clang/17/lib/linux/clang_rt.crtend-x86_64.o]
    arg [/lib/../lib64/crtn.o] ==> obj [/lib/../lib64/crtn.o]
  remove lib [/opt/rocm-6.1.0/lib/llvm/lib/clang/17/lib/linux/libclang_rt.builtins-x86_64.a]
  remove lib [/opt/rocm-6.1.0/lib/llvm/lib/clang/17/lib/linux/libclang_rt.builtins-x86_64.a]
  collapse obj [/lib/../lib64/crt1.o] ==> [/lib64/crt1.o]
  collapse obj [/lib/../lib64/crti.o] ==> [/lib64/crti.o]
  collapse obj [/lib/../lib64/crtn.o] ==> [/lib64/crtn.o]
  collapse library dir [/opt/rh/gcc-toolset-11/root/usr/lib/gcc/x86_64-redhat-linux/11] ==> [/opt/rh/gcc-toolset-11/root/usr/lib/gcc/x86_64-redhat-linux/11]
  collapse library dir [/opt/rh/gcc-toolset-11/root/usr/lib/gcc/x86_64-redhat-linux/11/../../../../lib64] ==> [/opt/rh/gcc-toolset-11/root/usr/lib64]
  collapse library dir [/lib/../lib64] ==> [/lib64]
  collapse library dir [/usr/lib/../lib64] ==> [/usr/lib64]
  collapse library dir [/lib] ==> [/lib]
  collapse library dir [/usr/lib] ==> [/usr/lib]
  collapse library dir [/opt/rocm-6.1.0/llvm/lib] ==> [/opt/rocm-6.1.0/llvm/lib]
  collapse library dir [/usr/lib] ==> [/usr/lib]
  collapse library dir [/usr/lib64] ==> [/usr/lib64]
  implicit libs: [stdc++;m;gcc_s;c;gcc_s]
  implicit objs: [/lib64/crt1.o;/lib64/crti.o;/opt/rocm-6.1.0/lib/llvm/lib/clang/17/lib/linux/clang_rt.crtbegin-x86_64.o;/opt/rocm-6.1.0/lib/llvm/lib/clang/17/lib/linux/clang_rt.crtend-x86_64.o;/lib64/crtn.o]
  implicit dirs: [/opt/rh/gcc-toolset-11/root/usr/lib/gcc/x86_64-redhat-linux/11;/opt/rh/gcc-toolset-11/root/usr/lib64;/lib64;/usr/lib64;/lib;/usr/lib;/opt/rocm-6.1.0/llvm/lib]
  implicit fwks: []


Determining if the function pthread_create exists in the pthread passed with the following output:
Change Dir: /home/fasanchezc/dualsphysics_hip/dualsphysics_hip/src/source/build/CMakeFiles/CMakeTmp

Run Build Command(s):/usr/bin/gmake -f Makefile cmTC_1b4df/fast && /usr/bin/gmake  -f CMakeFiles/cmTC_1b4df.dir/build.make CMakeFiles/cmTC_1b4df.dir/build
gmake[1]: Entering directory '/home/fasanchezc/dualsphysics_hip/dualsphysics_hip/src/source/build/CMakeFiles/CMakeTmp'
Building C object CMakeFiles/cmTC_1b4df.dir/CheckFunctionExists.c.o
/opt/rocm-6.1.0/llvm/bin/clang   -DCHECK_FUNCTION_EXISTS=pthread_create -MD -MT CMakeFiles/cmTC_1b4df.dir/CheckFunctionExists.c.o -MF CMakeFiles/cmTC_1b4df.dir/CheckFunctionExists.c.o.d -o CMakeFiles/cmTC_1b4df.dir/CheckFunctionExists.c.o -c /opt/ohpc/pub/utils/cmake/3.24.2/share/cmake-3.24/Modules/CheckFunctionExists.c
Linking C executable cmTC_1b4df
/opt/ohpc/pub/utils/cmake/3.24.2/bin/cmake -E cmake_link_script CMakeFiles/cmTC_1b4df.dir/link.txt --verbose=1
/opt/rocm-6.1.0/llvm/bin/clang  -DCHECK_FUNCTION_EXISTS=pthread_create CMakeFiles/cmTC_1b4df.dir/CheckFunctionExists.c.o -o cmTC_1b4df  -lpthread 
gmake[1]: Leaving directory '/home/fasanchezc/dualsphysics_hip/dualsphysics_hip/src/source/build/CMakeFiles/CMakeTmp'



Performing C++ SOURCE FILE Test HIP_CLANG_SUPPORTS_PARALLEL_JOBS succeeded with the following output:
Change Dir: /home/fasanchezc/dualsphysics_hip/dualsphysics_hip/src/source/build/CMakeFiles/CMakeTmp

Run Build Command(s):/usr/bin/gmake -f Makefile cmTC_6fe3d/fast && /usr/bin/gmake  -f CMakeFiles/cmTC_6fe3d.dir/build.make CMakeFiles/cmTC_6fe3d.dir/build
gmake[1]: Entering directory '/home/fasanchezc/dualsphysics_hip/dualsphysics_hip/src/source/build/CMakeFiles/CMakeTmp'
Building CXX object CMakeFiles/cmTC_6fe3d.dir/src.cxx.o
/opt/rocm-6.1.0/llvm/bin/clang++ -DHIP_CLANG_SUPPORTS_PARALLEL_JOBS  -O3 -std=c++14 -fPIC -D_GLIBCXX_USE_CXX11_ABI=0 -pthread    -parallel-jobs=1 -MD -MT CMakeFiles/cmTC_6fe3d.dir/src.cxx.o -MF CMakeFiles/cmTC_6fe3d.dir/src.cxx.o.d -o CMakeFiles/cmTC_6fe3d.dir/src.cxx.o -c /home/fasanchezc/dualsphysics_hip/dualsphysics_hip/src/source/build/CMakeFiles/CMakeTmp/src.cxx
Linking CXX executable cmTC_6fe3d
/opt/ohpc/pub/utils/cmake/3.24.2/bin/cmake -E cmake_link_script CMakeFiles/cmTC_6fe3d.dir/link.txt --verbose=1
/opt/rocm-6.1.0/llvm/bin/clang++  -O3 -std=c++14 -fPIC -D_GLIBCXX_USE_CXX11_ABI=0 -pthread  CMakeFiles/cmTC_6fe3d.dir/src.cxx.o -o cmTC_6fe3d 
gmake[1]: Leaving directory '/home/fasanchezc/dualsphysics_hip/dualsphysics_hip/src/source/build/CMakeFiles/CMakeTmp'


Source file was:
int main() { return 0; }
Detecting C OpenMP compiler ABI info compiled with the following output:
Change Dir: /home/fasanchezc/dualsphysics_hip/dualsphysics_hip/src/source/build/CMakeFiles/CMakeTmp

Run Build Command(s):/usr/bin/gmake -f Makefile cmTC_c8bd1/fast && /usr/bin/gmake  -f CMakeFiles/cmTC_c8bd1.dir/build.make CMakeFiles/cmTC_c8bd1.dir/build
gmake[1]: Entering directory '/home/fasanchezc/dualsphysics_hip/dualsphysics_hip/src/source/build/CMakeFiles/CMakeTmp'
Building C object CMakeFiles/cmTC_c8bd1.dir/OpenMPTryFlag.c.o
/opt/rocm-6.1.0/llvm/bin/clang   -fopenmp=libomp -v -MD -MT CMakeFiles/cmTC_c8bd1.dir/OpenMPTryFlag.c.o -MF CMakeFiles/cmTC_c8bd1.dir/OpenMPTryFlag.c.o.d -o CMakeFiles/cmTC_c8bd1.dir/OpenMPTryFlag.c.o -c /home/fasanchezc/dualsphysics_hip/dualsphysics_hip/src/source/build/CMakeFiles/FindOpenMP/OpenMPTryFlag.c
AMD clang version 17.0.0 (https://github.com/RadeonOpenCompute/llvm-project roc-6.1.0 24103 7db7f5e49612030319346f900c08f474b1f9023a)
Target: x86_64-unknown-linux-gnu
Thread model: posix
InstalledDir: /opt/rocm-6.1.0/llvm/bin
Configuration file: /opt/rocm-6.1.0/lib/llvm/bin/clang.cfg
Found candidate GCC installation: /opt/rh/gcc-toolset-11/root/usr/lib/gcc/x86_64-redhat-linux/11
Selected GCC installation: /opt/rh/gcc-toolset-11/root/usr/lib/gcc/x86_64-redhat-linux/11
Candidate multilib: .;@m64
Candidate multilib: 32;@m32
Selected multilib: .;@m64
Found HIP installation: /opt/rocm-6.1.0/lib/llvm/bin/../../.., version 6.1.40091
 (in-process)
 "/opt/rocm-6.1.0/lib/llvm/bin/clang-17" -cc1 -triple x86_64-unknown-linux-gnu -emit-obj -mrelax-all -disable-free -clear-ast-before-backend -disable-llvm-verifier -discard-value-names -main-file-name OpenMPTryFlag.c -mrelocation-model static -mframe-pointer=all -fmath-errno -ffp-contract=on -fno-rounding-math -mconstructor-aliases -funwind-tables=2 -target-cpu x86-64 -tune-cpu generic -debugger-tuning=gdb -v -fcoverage-compilation-dir=/home/fasanchezc/dualsphysics_hip/dualsphysics_hip/src/source/build/CMakeFiles/CMakeTmp -resource-dir /opt/rocm-6.1.0/lib/llvm/lib/clang/17 -dependency-file CMakeFiles/cmTC_c8bd1.dir/OpenMPTryFlag.c.o.d -MT CMakeFiles/cmTC_c8bd1.dir/OpenMPTryFlag.c.o -sys-header-deps -canonical-system-headers -I /opt/rocm-6.1.0/lib/llvm/bin/../include -internal-isystem /opt/rocm-6.1.0/lib/llvm/lib/clang/17/include -internal-isystem /usr/local/include -internal-isystem /opt/rh/gcc-toolset-11/root/usr/lib/gcc/x86_64-redhat-linux/11/../../../../x86_64-redhat-linux/include -internal-externc-isystem /include -internal-externc-isystem /usr/include -fdebug-compilation-dir=/home/fasanchezc/dualsphysics_hip/dualsphysics_hip/src/source/build/CMakeFiles/CMakeTmp -ferror-limit 19 -fopenmp -fno-openmp-target-fast -fno-openmp-target-ignore-env-vars -fopenmp-target-big-jump-loop -fopenmp-target-no-loop -fopenmp-target-xteam-reduction -fopenmp-target-new-runtime -fno-openmp-assume-no-thread-state -fno-openmp-assume-no-nested-parallelism -fgnuc-version=4.2.1 -faddrsig -D__GCC_HAVE_DWARF2_CFI_ASM=1 -o CMakeFiles/cmTC_c8bd1.dir/OpenMPTryFlag.c.o -x c /home/fasanchezc/dualsphysics_hip/dualsphysics_hip/src/source/build/CMakeFiles/FindOpenMP/OpenMPTryFlag.c
clang -cc1 version 17.0.0 based upon LLVM 17.0.0git default target x86_64-unknown-linux-gnu
ignoring nonexistent directory "/opt/rh/gcc-toolset-11/root/usr/lib/gcc/x86_64-redhat-linux/11/../../../../x86_64-redhat-linux/include"
ignoring nonexistent directory "/include"
#include "..." search starts here:
#include <...> search starts here:
 /opt/rocm-6.1.0/lib/llvm/bin/../include
 /opt/rocm-6.1.0/lib/llvm/lib/clang/17/include
 /usr/local/include
 /usr/include
End of search list.
Linking C executable cmTC_c8bd1
/opt/ohpc/pub/utils/cmake/3.24.2/bin/cmake -E cmake_link_script CMakeFiles/cmTC_c8bd1.dir/link.txt --verbose=1
/opt/rocm-6.1.0/llvm/bin/clang  -fopenmp=libomp -v CMakeFiles/cmTC_c8bd1.dir/OpenMPTryFlag.c.o -o cmTC_c8bd1  -v 
AMD clang version 17.0.0 (https://github.com/RadeonOpenCompute/llvm-project roc-6.1.0 24103 7db7f5e49612030319346f900c08f474b1f9023a)
Target: x86_64-unknown-linux-gnu
Thread model: posix
InstalledDir: /opt/rocm-6.1.0/llvm/bin
Configuration file: /opt/rocm-6.1.0/lib/llvm/bin/clang.cfg
Found candidate GCC installation: /opt/rh/gcc-toolset-11/root/usr/lib/gcc/x86_64-redhat-linux/11
Selected GCC installation: /opt/rh/gcc-toolset-11/root/usr/lib/gcc/x86_64-redhat-linux/11
Candidate multilib: .;@m64
Candidate multilib: 32;@m32
Selected multilib: .;@m64
Found HIP installation: /opt/rocm-6.1.0/lib/llvm/bin/../../.., version 6.1.40091
 "/opt/rocm-6.1.0/llvm/bin/ld.lld" --hash-style=gnu --eh-frame-hdr -m elf_x86_64 -dynamic-linker /lib64/ld-linux-x86-64.so.2 -o cmTC_c8bd1 /lib/../lib64/crt1.o /lib/../lib64/crti.o /opt/rocm-6.1.0/lib/llvm/lib/clang/17/lib/linux/clang_rt.crtbegin-x86_64.o -L/opt/rh/gcc-toolset-11/root/usr/lib/gcc/x86_64-redhat-linux/11 -L/opt/rh/gcc-toolset-11/root/usr/lib/gcc/x86_64-redhat-linux/11/../../../../lib64 -L/lib/../lib64 -L/usr/lib/../lib64 -L/lib -L/usr/lib -L/opt/rocm-6.1.0/llvm/lib -L/usr/lib -L/usr/lib64 -L. --enable-new-dtags CMakeFiles/cmTC_c8bd1.dir/OpenMPTryFlag.c.o -lomp -rpath /opt/rocm-6.1.0/llvm/lib -L/opt/rocm-6.1.0/lib/llvm/lib /opt/rocm-6.1.0/lib/llvm/lib/clang/17/lib/linux/libclang_rt.builtins-x86_64.a --as-needed -lgcc_s --no-as-needed -lpthread -lc /opt/rocm-6.1.0/lib/llvm/lib/clang/17/lib/linux/libclang_rt.builtins-x86_64.a --as-needed -lgcc_s --no-as-needed /opt/rocm-6.1.0/lib/llvm/lib/clang/17/lib/linux/clang_rt.crtend-x86_64.o /lib/../lib64/crtn.o
gmake[1]: Leaving directory '/home/fasanchezc/dualsphysics_hip/dualsphysics_hip/src/source/build/CMakeFiles/CMakeTmp'



Parsed C OpenMP implicit link information from above output:
  link line regex: [^( *|.*[/\])(ld\.lld|CMAKE_LINK_STARTFILE-NOTFOUND|([^/\]+-)?ld|collect2)[^/\]*( |$)]
  ignore line: [Change Dir: /home/fasanchezc/dualsphysics_hip/dualsphysics_hip/src/source/build/CMakeFiles/CMakeTmp]
  ignore line: []
  ignore line: [Run Build Command(s):/usr/bin/gmake -f Makefile cmTC_c8bd1/fast && /usr/bin/gmake  -f CMakeFiles/cmTC_c8bd1.dir/build.make CMakeFiles/cmTC_c8bd1.dir/build]
  ignore line: [gmake[1]: Entering directory '/home/fasanchezc/dualsphysics_hip/dualsphysics_hip/src/source/build/CMakeFiles/CMakeTmp']
  ignore line: [Building C object CMakeFiles/cmTC_c8bd1.dir/OpenMPTryFlag.c.o]
  ignore line: [/opt/rocm-6.1.0/llvm/bin/clang   -fopenmp=libomp -v -MD -MT CMakeFiles/cmTC_c8bd1.dir/OpenMPTryFlag.c.o -MF CMakeFiles/cmTC_c8bd1.dir/OpenMPTryFlag.c.o.d -o CMakeFiles/cmTC_c8bd1.dir/OpenMPTryFlag.c.o -c /home/fasanchezc/dualsphysics_hip/dualsphysics_hip/src/source/build/CMakeFiles/FindOpenMP/OpenMPTryFlag.c]
  ignore line: [AMD clang version 17.0.0 (https://github.com/RadeonOpenCompute/llvm-project roc-6.1.0 24103 7db7f5e49612030319346f900c08f474b1f9023a)]
  ignore line: [Target: x86_64-unknown-linux-gnu]
  ignore line: [Thread model: posix]
  ignore line: [InstalledDir: /opt/rocm-6.1.0/llvm/bin]
  ignore line: [Configuration file: /opt/rocm-6.1.0/lib/llvm/bin/clang.cfg]
  ignore line: [Found candidate GCC installation: /opt/rh/gcc-toolset-11/root/usr/lib/gcc/x86_64-redhat-linux/11]
  ignore line: [Selected GCC installation: /opt/rh/gcc-toolset-11/root/usr/lib/gcc/x86_64-redhat-linux/11]
  ignore line: [Candidate multilib: .]
  ignore line: [@m64]
  ignore line: [Candidate multilib: 32]
  ignore line: [@m32]
  ignore line: [Selected multilib: .]
  ignore line: [@m64]
  ignore line: [Found HIP installation: /opt/rocm-6.1.0/lib/llvm/bin/../../..  version 6.1.40091]
  ignore line: [ (in-process)]
  ignore line: [ "/opt/rocm-6.1.0/lib/llvm/bin/clang-17" -cc1 -triple x86_64-unknown-linux-gnu -emit-obj -mrelax-all -disable-free -clear-ast-before-backend -disable-llvm-verifier -discard-value-names -main-file-name OpenMPTryFlag.c -mrelocation-model static -mframe-pointer=all -fmath-errno -ffp-contract=on -fno-rounding-math -mconstructor-aliases -funwind-tables=2 -target-cpu x86-64 -tune-cpu generic -debugger-tuning=gdb -v -fcoverage-compilation-dir=/home/fasanchezc/dualsphysics_hip/dualsphysics_hip/src/source/build/CMakeFiles/CMakeTmp -resource-dir /opt/rocm-6.1.0/lib/llvm/lib/clang/17 -dependency-file CMakeFiles/cmTC_c8bd1.dir/OpenMPTryFlag.c.o.d -MT CMakeFiles/cmTC_c8bd1.dir/OpenMPTryFlag.c.o -sys-header-deps -canonical-system-headers -I /opt/rocm-6.1.0/lib/llvm/bin/../include -internal-isystem /opt/rocm-6.1.0/lib/llvm/lib/clang/17/include -internal-isystem /usr/local/include -internal-isystem /opt/rh/gcc-toolset-11/root/usr/lib/gcc/x86_64-redhat-linux/11/../../../../x86_64-redhat-linux/include -internal-externc-isystem /include -internal-externc-isystem /usr/include -fdebug-compilation-dir=/home/fasanchezc/dualsphysics_hip/dualsphysics_hip/src/source/build/CMakeFiles/CMakeTmp -ferror-limit 19 -fopenmp -fno-openmp-target-fast -fno-openmp-target-ignore-env-vars -fopenmp-target-big-jump-loop -fopenmp-target-no-loop -fopenmp-target-xteam-reduction -fopenmp-target-new-runtime -fno-openmp-assume-no-thread-state -fno-openmp-assume-no-nested-parallelism -fgnuc-version=4.2.1 -faddrsig -D__GCC_HAVE_DWARF2_CFI_ASM=1 -o CMakeFiles/cmTC_c8bd1.dir/OpenMPTryFlag.c.o -x c /home/fasanchezc/dualsphysics_hip/dualsphysics_hip/src/source/build/CMakeFiles/FindOpenMP/OpenMPTryFlag.c]
  ignore line: [clang -cc1 version 17.0.0 based upon LLVM 17.0.0git default target x86_64-unknown-linux-gnu]
  ignore line: [ignoring nonexistent directory "/opt/rh/gcc-toolset-11/root/usr/lib/gcc/x86_64-redhat-linux/11/../../../../x86_64-redhat-linux/include"]
  ignore line: [ignoring nonexistent directory "/include"]
  ignore line: [#include "..." search starts here:]
  ignore line: [#include <...> search starts here:]
  ignore line: [ /opt/rocm-6.1.0/lib/llvm/bin/../include]
  ignore line: [ /opt/rocm-6.1.0/lib/llvm/lib/clang/17/include]
  ignore line: [ /usr/local/include]
  ignore line: [ /usr/include]
  ignore line: [End of search list.]
  ignore line: [Linking C executable cmTC_c8bd1]
  ignore line: [/opt/ohpc/pub/utils/cmake/3.24.2/bin/cmake -E cmake_link_script CMakeFiles/cmTC_c8bd1.dir/link.txt --verbose=1]
  ignore line: [/opt/rocm-6.1.0/llvm/bin/clang  -fopenmp=libomp -v CMakeFiles/cmTC_c8bd1.dir/OpenMPTryFlag.c.o -o cmTC_c8bd1  -v ]
  ignore line: [AMD clang version 17.0.0 (https://github.com/RadeonOpenCompute/llvm-project roc-6.1.0 24103 7db7f5e49612030319346f900c08f474b1f9023a)]
  ignore line: [Target: x86_64-unknown-linux-gnu]
  ignore line: [Thread model: posix]
  ignore line: [InstalledDir: /opt/rocm-6.1.0/llvm/bin]
  ignore line: [Configuration file: /opt/rocm-6.1.0/lib/llvm/bin/clang.cfg]
  ignore line: [Found candidate GCC installation: /opt/rh/gcc-toolset-11/root/usr/lib/gcc/x86_64-redhat-linux/11]
  ignore line: [Selected GCC installation: /opt/rh/gcc-toolset-11/root/usr/lib/gcc/x86_64-redhat-linux/11]
  ignore line: [Candidate multilib: .]
  ignore line: [@m64]
  ignore line: [Candidate multilib: 32]
  ignore line: [@m32]
  ignore line: [Selected multilib: .]
  ignore line: [@m64]
  ignore line: [Found HIP installation: /opt/rocm-6.1.0/lib/llvm/bin/../../..  version 6.1.40091]
  link line: [ "/opt/rocm-6.1.0/llvm/bin/ld.lld" --hash-style=gnu --eh-frame-hdr -m elf_x86_64 -dynamic-linker /lib64/ld-linux-x86-64.so.2 -o cmTC_c8bd1 /lib/../lib64/crt1.o /lib/../lib64/crti.o /opt/rocm-6.1.0/lib/llvm/lib/clang/17/lib/linux/clang_rt.crtbegin-x86_64.o -L/opt/rh/gcc-toolset-11/root/usr/lib/gcc/x86_64-redhat-linux/11 -L/opt/rh/gcc-toolset-11/root/usr/lib/gcc/x86_64-redhat-linux/11/../../../../lib64 -L/lib/../lib64 -L/usr/lib/../lib64 -L/lib -L/usr/lib -L/opt/rocm-6.1.0/llvm/lib -L/usr/lib -L/usr/lib64 -L. --enable-new-dtags CMakeFiles/cmTC_c8bd1.dir/OpenMPTryFlag.c.o -lomp -rpath /opt/rocm-6.1.0/llvm/lib -L/opt/rocm-6.1.0/lib/llvm/lib /opt/rocm-6.1.0/lib/llvm/lib/clang/17/lib/linux/libclang_rt.builtins-x86_64.a --as-needed -lgcc_s --no-as-needed -lpthread -lc /opt/rocm-6.1.0/lib/llvm/lib/clang/17/lib/linux/libclang_rt.builtins-x86_64.a --as-needed -lgcc_s --no-as-needed /opt/rocm-6.1.0/lib/llvm/lib/clang/17/lib/linux/clang_rt.crtend-x86_64.o /lib/../lib64/crtn.o]
    arg [/opt/rocm-6.1.0/llvm/bin/ld.lld] ==> ignore
    arg [--hash-style=gnu] ==> ignore
    arg [--eh-frame-hdr] ==> ignore
    arg [-m] ==> ignore
    arg [elf_x86_64] ==> ignore
    arg [-dynamic-linker] ==> ignore
    arg [/lib64/ld-linux-x86-64.so.2] ==> ignore
    arg [-o] ==> ignore
    arg [cmTC_c8bd1] ==> ignore
    arg [-L/opt/rh/gcc-toolset-11/root/usr/lib/gcc/x86_64-redhat-linux/11] ==> dir [/opt/rh/gcc-toolset-11/root/usr/lib/gcc/x86_64-redhat-linux/11]
    arg [-L/opt/rh/gcc-toolset-11/root/usr/lib/gcc/x86_64-redhat-linux/11/../../../../lib64] ==> dir [/opt/rh/gcc-toolset-11/root/usr/lib/gcc/x86_64-redhat-linux/11/../../../../lib64]
    arg [-L/lib/../lib64] ==> dir [/lib/../lib64]
    arg [-L/usr/lib/../lib64] ==> dir [/usr/lib/../lib64]
    arg [-L/lib] ==> dir [/lib]
    arg [-L/usr/lib] ==> dir [/usr/lib]
    arg [-L/opt/rocm-6.1.0/llvm/lib] ==> dir [/opt/rocm-6.1.0/llvm/lib]
    arg [-L/usr/lib] ==> dir [/usr/lib]
    arg [-L/usr/lib64] ==> dir [/usr/lib64]
    arg [-L.] ==> ignore
    arg [--enable-new-dtags] ==> ignore
    arg [CMakeFiles/cmTC_c8bd1.dir/OpenMPTryFlag.c.o] ==> ignore
    arg [-lomp] ==> lib [omp]
    arg [-rpath] ==> ignore
    arg [/opt/rocm-6.1.0/llvm/lib] ==> ignore
    arg [-L/opt/rocm-6.1.0/lib/llvm/lib] ==> dir [/opt/rocm-6.1.0/lib/llvm/lib]
    arg [/opt/rocm-6.1.0/lib/llvm/lib/clang/17/lib/linux/libclang_rt.builtins-x86_64.a] ==> lib [/opt/rocm-6.1.0/lib/llvm/lib/clang/17/lib/linux/libclang_rt.builtins-x86_64.a]
    arg [--as-needed] ==> ignore
    arg [-lgcc_s] ==> lib [gcc_s]
    arg [--no-as-needed] ==> ignore
    arg [-lpthread] ==> lib [pthread]
    arg [-lc] ==> lib [c]
    arg [/opt/rocm-6.1.0/lib/llvm/lib/clang/17/lib/linux/libclang_rt.builtins-x86_64.a] ==> lib [/opt/rocm-6.1.0/lib/llvm/lib/clang/17/lib/linux/libclang_rt.builtins-x86_64.a]
    arg [--as-needed] ==> ignore
    arg [-lgcc_s] ==> lib [gcc_s]
    arg [--no-as-needed] ==> ignore
  remove lib [/opt/rocm-6.1.0/lib/llvm/lib/clang/17/lib/linux/libclang_rt.builtins-x86_64.a]
  remove lib [/opt/rocm-6.1.0/lib/llvm/lib/clang/17/lib/linux/libclang_rt.builtins-x86_64.a]
  collapse library dir [/opt/rh/gcc-toolset-11/root/usr/lib/gcc/x86_64-redhat-linux/11] ==> [/opt/rh/gcc-toolset-11/root/usr/lib/gcc/x86_64-redhat-linux/11]
  collapse library dir [/opt/rh/gcc-toolset-11/root/usr/lib/gcc/x86_64-redhat-linux/11/../../../../lib64] ==> [/opt/rh/gcc-toolset-11/root/usr/lib64]
  collapse library dir [/lib/../lib64] ==> [/lib64]
  collapse library dir [/usr/lib/../lib64] ==> [/usr/lib64]
  collapse library dir [/lib] ==> [/lib]
  collapse library dir [/usr/lib] ==> [/usr/lib]
  collapse library dir [/opt/rocm-6.1.0/llvm/lib] ==> [/opt/rocm-6.1.0/llvm/lib]
  collapse library dir [/usr/lib] ==> [/usr/lib]
  collapse library dir [/usr/lib64] ==> [/usr/lib64]
  collapse library dir [/opt/rocm-6.1.0/lib/llvm/lib] ==> [/opt/rocm-6.1.0/lib/llvm/lib]
  implicit libs: [omp;gcc_s;pthread;c;gcc_s]
  implicit objs: []
  implicit dirs: [/opt/rh/gcc-toolset-11/root/usr/lib/gcc/x86_64-redhat-linux/11;/opt/rh/gcc-toolset-11/root/usr/lib64;/lib64;/usr/lib64;/lib;/usr/lib;/opt/rocm-6.1.0/llvm/lib;/opt/rocm-6.1.0/lib/llvm/lib]
  implicit fwks: []


Detecting CXX OpenMP compiler ABI info compiled with the following output:
Change Dir: /home/fasanchezc/dualsphysics_hip/dualsphysics_hip/src/source/build/CMakeFiles/CMakeTmp

Run Build Command(s):/usr/bin/gmake -f Makefile cmTC_a6ed1/fast && /usr/bin/gmake  -f CMakeFiles/cmTC_a6ed1.dir/build.make CMakeFiles/cmTC_a6ed1.dir/build
gmake[1]: Entering directory '/home/fasanchezc/dualsphysics_hip/dualsphysics_hip/src/source/build/CMakeFiles/CMakeTmp'
Building CXX object CMakeFiles/cmTC_a6ed1.dir/OpenMPTryFlag.cpp.o
/opt/rocm-6.1.0/llvm/bin/clang++   -O3 -std=c++14 -fPIC -D_GLIBCXX_USE_CXX11_ABI=0 -pthread -fopenmp=libomp -v -MD -MT CMakeFiles/cmTC_a6ed1.dir/OpenMPTryFlag.cpp.o -MF CMakeFiles/cmTC_a6ed1.dir/OpenMPTryFlag.cpp.o.d -o CMakeFiles/cmTC_a6ed1.dir/OpenMPTryFlag.cpp.o -c /home/fasanchezc/dualsphysics_hip/dualsphysics_hip/src/source/build/CMakeFiles/FindOpenMP/OpenMPTryFlag.cpp
AMD clang version 17.0.0 (https://github.com/RadeonOpenCompute/llvm-project roc-6.1.0 24103 7db7f5e49612030319346f900c08f474b1f9023a)
Target: x86_64-unknown-linux-gnu
Thread model: posix
InstalledDir: /opt/rocm-6.1.0/llvm/bin
Configuration file: /opt/rocm-6.1.0/lib/llvm/bin/clang++.cfg
Found candidate GCC installation: /opt/rh/gcc-toolset-11/root/usr/lib/gcc/x86_64-redhat-linux/11
Selected GCC installation: /opt/rh/gcc-toolset-11/root/usr/lib/gcc/x86_64-redhat-linux/11
Candidate multilib: .;@m64
Candidate multilib: 32;@m32
Selected multilib: .;@m64
Found HIP installation: /opt/rocm-6.1.0/lib/llvm/bin/../../.., version 6.1.40091
 (in-process)
 "/opt/rocm-6.1.0/lib/llvm/bin/clang-17" -cc1 -triple x86_64-unknown-linux-gnu -emit-obj -disable-free -clear-ast-before-backend -disable-llvm-verifier -discard-value-names -main-file-name OpenMPTryFlag.cpp -mrelocation-model pic -pic-level 2 -fhalf-no-semantic-interposition -mframe-pointer=none -fmath-errno -ffp-contract=on -fno-rounding-math -mconstructor-aliases -funwind-tables=2 -target-cpu x86-64 -tune-cpu generic -debugger-tuning=gdb -v -fcoverage-compilation-dir=/home/fasanchezc/dualsphysics_hip/dualsphysics_hip/src/source/build/CMakeFiles/CMakeTmp -resource-dir /opt/rocm-6.1.0/lib/llvm/lib/clang/17 -dependency-file CMakeFiles/cmTC_a6ed1.dir/OpenMPTryFlag.cpp.o.d -MT CMakeFiles/cmTC_a6ed1.dir/OpenMPTryFlag.cpp.o -sys-header-deps -canonical-system-headers -I /opt/rocm-6.1.0/lib/llvm/bin/../include -D _GLIBCXX_USE_CXX11_ABI=0 -internal-isystem /opt/rh/gcc-toolset-11/root/usr/lib/gcc/x86_64-redhat-linux/11/../../../../include/c++/11 -internal-isystem /opt/rh/gcc-toolset-11/root/usr/lib/gcc/x86_64-redhat-linux/11/../../../../include/c++/11/x86_64-redhat-linux -internal-isystem /opt/rh/gcc-toolset-11/root/usr/lib/gcc/x86_64-redhat-linux/11/../../../../include/c++/11/backward -internal-isystem /opt/rocm-6.1.0/lib/llvm/lib/clang/17/include -internal-isystem /usr/local/include -internal-isystem /opt/rh/gcc-toolset-11/root/usr/lib/gcc/x86_64-redhat-linux/11/../../../../x86_64-redhat-linux/include -internal-externc-isystem /include -internal-externc-isystem /usr/include -O3 -std=c++14 -fdeprecated-macro -fdebug-compilation-dir=/home/fasanchezc/dualsphysics_hip/dualsphysics_hip/src/source/build/CMakeFiles/CMakeTmp -ferror-limit 19 -fopenmp -fno-openmp-target-fast -fno-openmp-target-ignore-env-vars -fopenmp-target-big-jump-loop -fopenmp-target-no-loop -fopenmp-target-xteam-reduction -fopenmp-target-new-runtime -fno-openmp-assume-no-thread-state -fno-openmp-assume-no-nested-parallelism -pthread -fgnuc-version=4.2.1 -fcxx-exceptions -fexceptions -vectorize-loops -vectorize-slp -faddrsig -D__GCC_HAVE_DWARF2_CFI_ASM=1 -o CMakeFiles/cmTC_a6ed1.dir/OpenMPTryFlag.cpp.o -x c++ /home/fasanchezc/dualsphysics_hip/dualsphysics_hip/src/source/build/CMakeFiles/FindOpenMP/OpenMPTryFlag.cpp
clang -cc1 version 17.0.0 based upon LLVM 17.0.0git default target x86_64-unknown-linux-gnu
ignoring nonexistent directory "/opt/rh/gcc-toolset-11/root/usr/lib/gcc/x86_64-redhat-linux/11/../../../../x86_64-redhat-linux/include"
ignoring nonexistent directory "/include"
#include "..." search starts here:
#include <...> search starts here:
 /opt/rocm-6.1.0/lib/llvm/bin/../include
 /opt/rh/gcc-toolset-11/root/usr/lib/gcc/x86_64-redhat-linux/11/../../../../include/c++/11
 /opt/rh/gcc-toolset-11/root/usr/lib/gcc/x86_64-redhat-linux/11/../../../../include/c++/11/x86_64-redhat-linux
 /opt/rh/gcc-toolset-11/root/usr/lib/gcc/x86_64-redhat-linux/11/../../../../include/c++/11/backward
 /opt/rocm-6.1.0/lib/llvm/lib/clang/17/include
 /usr/local/include
 /usr/include
End of search list.
Linking CXX executable cmTC_a6ed1
/opt/ohpc/pub/utils/cmake/3.24.2/bin/cmake -E cmake_link_script CMakeFiles/cmTC_a6ed1.dir/link.txt --verbose=1
/opt/rocm-6.1.0/llvm/bin/clang++  -O3 -std=c++14 -fPIC -D_GLIBCXX_USE_CXX11_ABI=0 -pthread -fopenmp=libomp -v CMakeFiles/cmTC_a6ed1.dir/OpenMPTryFlag.cpp.o -o cmTC_a6ed1  -v 
AMD clang version 17.0.0 (https://github.com/RadeonOpenCompute/llvm-project roc-6.1.0 24103 7db7f5e49612030319346f900c08f474b1f9023a)
Target: x86_64-unknown-linux-gnu
Thread model: posix
InstalledDir: /opt/rocm-6.1.0/llvm/bin
Configuration file: /opt/rocm-6.1.0/lib/llvm/bin/clang++.cfg
Found candidate GCC installation: /opt/rh/gcc-toolset-11/root/usr/lib/gcc/x86_64-redhat-linux/11
Selected GCC installation: /opt/rh/gcc-toolset-11/root/usr/lib/gcc/x86_64-redhat-linux/11
Candidate multilib: .;@m64
Candidate multilib: 32;@m32
Selected multilib: .;@m64
Found HIP installation: /opt/rocm-6.1.0/lib/llvm/bin/../../.., version 6.1.40091
 "/opt/rocm-6.1.0/llvm/bin/ld.lld" --hash-style=gnu --eh-frame-hdr -m elf_x86_64 -dynamic-linker /lib64/ld-linux-x86-64.so.2 -o cmTC_a6ed1 /lib/../lib64/crt1.o /lib/../lib64/crti.o /opt/rocm-6.1.0/lib/llvm/lib/clang/17/lib/linux/clang_rt.crtbegin-x86_64.o -L/opt/rh/gcc-toolset-11/root/usr/lib/gcc/x86_64-redhat-linux/11 -L/opt/rh/gcc-toolset-11/root/usr/lib/gcc/x86_64-redhat-linux/11/../../../../lib64 -L/lib/../lib64 -L/usr/lib/../lib64 -L/lib -L/usr/lib -L/opt/rocm-6.1.0/llvm/lib -L/usr/lib -L/usr/lib64 -L. --enable-new-dtags CMakeFiles/cmTC_a6ed1.dir/OpenMPTryFlag.cpp.o -lstdc++ -lm -lomp -rpath /opt/rocm-6.1.0/llvm/lib -L/opt/rocm-6.1.0/lib/llvm/lib /opt/rocm-6.1.0/lib/llvm/lib/clang/17/lib/linux/libclang_rt.builtins-x86_64.a -lgcc_s -lpthread -lc /opt/rocm-6.1.0/lib/llvm/lib/clang/17/lib/linux/libclang_rt.builtins-x86_64.a -lgcc_s /opt/rocm-6.1.0/lib/llvm/lib/clang/17/lib/linux/clang_rt.crtend-x86_64.o /lib/../lib64/crtn.o
gmake[1]: Leaving directory '/home/fasanchezc/dualsphysics_hip/dualsphysics_hip/src/source/build/CMakeFiles/CMakeTmp'



Parsed CXX OpenMP implicit link information from above output:
  link line regex: [^( *|.*[/\])(ld\.lld|CMAKE_LINK_STARTFILE-NOTFOUND|([^/\]+-)?ld|collect2)[^/\]*( |$)]
  ignore line: [Change Dir: /home/fasanchezc/dualsphysics_hip/dualsphysics_hip/src/source/build/CMakeFiles/CMakeTmp]
  ignore line: []
  ignore line: [Run Build Command(s):/usr/bin/gmake -f Makefile cmTC_a6ed1/fast && /usr/bin/gmake  -f CMakeFiles/cmTC_a6ed1.dir/build.make CMakeFiles/cmTC_a6ed1.dir/build]
  ignore line: [gmake[1]: Entering directory '/home/fasanchezc/dualsphysics_hip/dualsphysics_hip/src/source/build/CMakeFiles/CMakeTmp']
  ignore line: [Building CXX object CMakeFiles/cmTC_a6ed1.dir/OpenMPTryFlag.cpp.o]
  ignore line: [/opt/rocm-6.1.0/llvm/bin/clang++   -O3 -std=c++14 -fPIC -D_GLIBCXX_USE_CXX11_ABI=0 -pthread -fopenmp=libomp -v -MD -MT CMakeFiles/cmTC_a6ed1.dir/OpenMPTryFlag.cpp.o -MF CMakeFiles/cmTC_a6ed1.dir/OpenMPTryFlag.cpp.o.d -o CMakeFiles/cmTC_a6ed1.dir/OpenMPTryFlag.cpp.o -c /home/fasanchezc/dualsphysics_hip/dualsphysics_hip/src/source/build/CMakeFiles/FindOpenMP/OpenMPTryFlag.cpp]
  ignore line: [AMD clang version 17.0.0 (https://github.com/RadeonOpenCompute/llvm-project roc-6.1.0 24103 7db7f5e49612030319346f900c08f474b1f9023a)]
  ignore line: [Target: x86_64-unknown-linux-gnu]
  ignore line: [Thread model: posix]
  ignore line: [InstalledDir: /opt/rocm-6.1.0/llvm/bin]
  ignore line: [Configuration file: /opt/rocm-6.1.0/lib/llvm/bin/clang++.cfg]
  ignore line: [Found candidate GCC installation: /opt/rh/gcc-toolset-11/root/usr/lib/gcc/x86_64-redhat-linux/11]
  ignore line: [Selected GCC installation: /opt/rh/gcc-toolset-11/root/usr/lib/gcc/x86_64-redhat-linux/11]
  ignore line: [Candidate multilib: .]
  ignore line: [@m64]
  ignore line: [Candidate multilib: 32]
  ignore line: [@m32]
  ignore line: [Selected multilib: .]
  ignore line: [@m64]
  ignore line: [Found HIP installation: /opt/rocm-6.1.0/lib/llvm/bin/../../..  version 6.1.40091]
  ignore line: [ (in-process)]
  ignore line: [ "/opt/rocm-6.1.0/lib/llvm/bin/clang-17" -cc1 -triple x86_64-unknown-linux-gnu -emit-obj -disable-free -clear-ast-before-backend -disable-llvm-verifier -discard-value-names -main-file-name OpenMPTryFlag.cpp -mrelocation-model pic -pic-level 2 -fhalf-no-semantic-interposition -mframe-pointer=none -fmath-errno -ffp-contract=on -fno-rounding-math -mconstructor-aliases -funwind-tables=2 -target-cpu x86-64 -tune-cpu generic -debugger-tuning=gdb -v -fcoverage-compilation-dir=/home/fasanchezc/dualsphysics_hip/dualsphysics_hip/src/source/build/CMakeFiles/CMakeTmp -resource-dir /opt/rocm-6.1.0/lib/llvm/lib/clang/17 -dependency-file CMakeFiles/cmTC_a6ed1.dir/OpenMPTryFlag.cpp.o.d -MT CMakeFiles/cmTC_a6ed1.dir/OpenMPTryFlag.cpp.o -sys-header-deps -canonical-system-headers -I /opt/rocm-6.1.0/lib/llvm/bin/../include -D _GLIBCXX_USE_CXX11_ABI=0 -internal-isystem /opt/rh/gcc-toolset-11/root/usr/lib/gcc/x86_64-redhat-linux/11/../../../../include/c++/11 -internal-isystem /opt/rh/gcc-toolset-11/root/usr/lib/gcc/x86_64-redhat-linux/11/../../../../include/c++/11/x86_64-redhat-linux -internal-isystem /opt/rh/gcc-toolset-11/root/usr/lib/gcc/x86_64-redhat-linux/11/../../../../include/c++/11/backward -internal-isystem /opt/rocm-6.1.0/lib/llvm/lib/clang/17/include -internal-isystem /usr/local/include -internal-isystem /opt/rh/gcc-toolset-11/root/usr/lib/gcc/x86_64-redhat-linux/11/../../../../x86_64-redhat-linux/include -internal-externc-isystem /include -internal-externc-isystem /usr/include -O3 -std=c++14 -fdeprecated-macro -fdebug-compilation-dir=/home/fasanchezc/dualsphysics_hip/dualsphysics_hip/src/source/build/CMakeFiles/CMakeTmp -ferror-limit 19 -fopenmp -fno-openmp-target-fast -fno-openmp-target-ignore-env-vars -fopenmp-target-big-jump-loop -fopenmp-target-no-loop -fopenmp-target-xteam-reduction -fopenmp-target-new-runtime -fno-openmp-assume-no-thread-state -fno-openmp-assume-no-nested-parallelism -pthread -fgnuc-version=4.2.1 -fcxx-exceptions -fexceptions -vectorize-loops -vectorize-slp -faddrsig -D__GCC_HAVE_DWARF2_CFI_ASM=1 -o CMakeFiles/cmTC_a6ed1.dir/OpenMPTryFlag.cpp.o -x c++ /home/fasanchezc/dualsphysics_hip/dualsphysics_hip/src/source/build/CMakeFiles/FindOpenMP/OpenMPTryFlag.cpp]
  ignore line: [clang -cc1 version 17.0.0 based upon LLVM 17.0.0git default target x86_64-unknown-linux-gnu]
  ignore line: [ignoring nonexistent directory "/opt/rh/gcc-toolset-11/root/usr/lib/gcc/x86_64-redhat-linux/11/../../../../x86_64-redhat-linux/include"]
  ignore line: [ignoring nonexistent directory "/include"]
  ignore line: [#include "..." search starts here:]
  ignore line: [#include <...> search starts here:]
  ignore line: [ /opt/rocm-6.1.0/lib/llvm/bin/../include]
  ignore line: [ /opt/rh/gcc-toolset-11/root/usr/lib/gcc/x86_64-redhat-linux/11/../../../../include/c++/11]
  ignore line: [ /opt/rh/gcc-toolset-11/root/usr/lib/gcc/x86_64-redhat-linux/11/../../../../include/c++/11/x86_64-redhat-linux]
  ignore line: [ /opt/rh/gcc-toolset-11/root/usr/lib/gcc/x86_64-redhat-linux/11/../../../../include/c++/11/backward]
  ignore line: [ /opt/rocm-6.1.0/lib/llvm/lib/clang/17/include]
  ignore line: [ /usr/local/include]
  ignore line: [ /usr/include]
  ignore line: [End of search list.]
  ignore line: [Linking CXX executable cmTC_a6ed1]
  ignore line: [/opt/ohpc/pub/utils/cmake/3.24.2/bin/cmake -E cmake_link_script CMakeFiles/cmTC_a6ed1.dir/link.txt --verbose=1]
  ignore line: [/opt/rocm-6.1.0/llvm/bin/clang++  -O3 -std=c++14 -fPIC -D_GLIBCXX_USE_CXX11_ABI=0 -pthread -fopenmp=libomp -v CMakeFiles/cmTC_a6ed1.dir/OpenMPTryFlag.cpp.o -o cmTC_a6ed1  -v ]
  ignore line: [AMD clang version 17.0.0 (https://github.com/RadeonOpenCompute/llvm-project roc-6.1.0 24103 7db7f5e49612030319346f900c08f474b1f9023a)]
  ignore line: [Target: x86_64-unknown-linux-gnu]
  ignore line: [Thread model: posix]
  ignore line: [InstalledDir: /opt/rocm-6.1.0/llvm/bin]
  ignore line: [Configuration file: /opt/rocm-6.1.0/lib/llvm/bin/clang++.cfg]
  ignore line: [Found candidate GCC installation: /opt/rh/gcc-toolset-11/root/usr/lib/gcc/x86_64-redhat-linux/11]
  ignore line: [Selected GCC installation: /opt/rh/gcc-toolset-11/root/usr/lib/gcc/x86_64-redhat-linux/11]
  ignore line: [Candidate multilib: .]
  ignore line: [@m64]
  ignore line: [Candidate multilib: 32]
  ignore line: [@m32]
  ignore line: [Selected multilib: .]
  ignore line: [@m64]
  ignore line: [Found HIP installation: /opt/rocm-6.1.0/lib/llvm/bin/../../..  version 6.1.40091]
  link line: [ "/opt/rocm-6.1.0/llvm/bin/ld.lld" --hash-style=gnu --eh-frame-hdr -m elf_x86_64 -dynamic-linker /lib64/ld-linux-x86-64.so.2 -o cmTC_a6ed1 /lib/../lib64/crt1.o /lib/../lib64/crti.o /opt/rocm-6.1.0/lib/llvm/lib/clang/17/lib/linux/clang_rt.crtbegin-x86_64.o -L/opt/rh/gcc-toolset-11/root/usr/lib/gcc/x86_64-redhat-linux/11 -L/opt/rh/gcc-toolset-11/root/usr/lib/gcc/x86_64-redhat-linux/11/../../../../lib64 -L/lib/../lib64 -L/usr/lib/../lib64 -L/lib -L/usr/lib -L/opt/rocm-6.1.0/llvm/lib -L/usr/lib -L/usr/lib64 -L. --enable-new-dtags CMakeFiles/cmTC_a6ed1.dir/OpenMPTryFlag.cpp.o -lstdc++ -lm -lomp -rpath /opt/rocm-6.1.0/llvm/lib -L/opt/rocm-6.1.0/lib/llvm/lib /opt/rocm-6.1.0/lib/llvm/lib/clang/17/lib/linux/libclang_rt.builtins-x86_64.a -lgcc_s -lpthread -lc /opt/rocm-6.1.0/lib/llvm/lib/clang/17/lib/linux/libclang_rt.builtins-x86_64.a -lgcc_s /opt/rocm-6.1.0/lib/llvm/lib/clang/17/lib/linux/clang_rt.crtend-x86_64.o /lib/../lib64/crtn.o]
    arg [/opt/rocm-6.1.0/llvm/bin/ld.lld] ==> ignore
    arg [--hash-style=gnu] ==> ignore
    arg [--eh-frame-hdr] ==> ignore
    arg [-m] ==> ignore
    arg [elf_x86_64] ==> ignore
    arg [-dynamic-linker] ==> ignore
    arg [/lib64/ld-linux-x86-64.so.2] ==> ignore
    arg [-o] ==> ignore
    arg [cmTC_a6ed1] ==> ignore
    arg [-L/opt/rh/gcc-toolset-11/root/usr/lib/gcc/x86_64-redhat-linux/11] ==> dir [/opt/rh/gcc-toolset-11/root/usr/lib/gcc/x86_64-redhat-linux/11]
    arg [-L/opt/rh/gcc-toolset-11/root/usr/lib/gcc/x86_64-redhat-linux/11/../../../../lib64] ==> dir [/opt/rh/gcc-toolset-11/root/usr/lib/gcc/x86_64-redhat-linux/11/../../../../lib64]
    arg [-L/lib/../lib64] ==> dir [/lib/../lib64]
    arg [-L/usr/lib/../lib64] ==> dir [/usr/lib/../lib64]
    arg [-L/lib] ==> dir [/lib]
    arg [-L/usr/lib] ==> dir [/usr/lib]
    arg [-L/opt/rocm-6.1.0/llvm/lib] ==> dir [/opt/rocm-6.1.0/llvm/lib]
    arg [-L/usr/lib] ==> dir [/usr/lib]
    arg [-L/usr/lib64] ==> dir [/usr/lib64]
    arg [-L.] ==> ignore
    arg [--enable-new-dtags] ==> ignore
    arg [CMakeFiles/cmTC_a6ed1.dir/OpenMPTryFlag.cpp.o] ==> ignore
    arg [-lstdc++] ==> lib [stdc++]
    arg [-lm] ==> lib [m]
    arg [-lomp] ==> lib [omp]
    arg [-rpath] ==> ignore
    arg [/opt/rocm-6.1.0/llvm/lib] ==> ignore
    arg [-L/opt/rocm-6.1.0/lib/llvm/lib] ==> dir [/opt/rocm-6.1.0/lib/llvm/lib]
    arg [/opt/rocm-6.1.0/lib/llvm/lib/clang/17/lib/linux/libclang_rt.builtins-x86_64.a] ==> lib [/opt/rocm-6.1.0/lib/llvm/lib/clang/17/lib/linux/libclang_rt.builtins-x86_64.a]
    arg [-lgcc_s] ==> lib [gcc_s]
    arg [-lpthread] ==> lib [pthread]
    arg [-lc] ==> lib [c]
    arg [/opt/rocm-6.1.0/lib/llvm/lib/clang/17/lib/linux/libclang_rt.builtins-x86_64.a] ==> lib [/opt/rocm-6.1.0/lib/llvm/lib/clang/17/lib/linux/libclang_rt.builtins-x86_64.a]
    arg [-lgcc_s] ==> lib [gcc_s]
  remove lib [/opt/rocm-6.1.0/lib/llvm/lib/clang/17/lib/linux/libclang_rt.builtins-x86_64.a]
  remove lib [/opt/rocm-6.1.0/lib/llvm/lib/clang/17/lib/linux/libclang_rt.builtins-x86_64.a]
  collapse library dir [/opt/rh/gcc-toolset-11/root/usr/lib/gcc/x86_64-redhat-linux/11] ==> [/opt/rh/gcc-toolset-11/root/usr/lib/gcc/x86_64-redhat-linux/11]
  collapse library dir [/opt/rh/gcc-toolset-11/root/usr/lib/gcc/x86_64-redhat-linux/11/../../../../lib64] ==> [/opt/rh/gcc-toolset-11/root/usr/lib64]
  collapse library dir [/lib/../lib64] ==> [/lib64]
  collapse library dir [/usr/lib/../lib64] ==> [/usr/lib64]
  collapse library dir [/lib] ==> [/lib]
  collapse library dir [/usr/lib] ==> [/usr/lib]
  collapse library dir [/opt/rocm-6.1.0/llvm/lib] ==> [/opt/rocm-6.1.0/llvm/lib]
  collapse library dir [/usr/lib] ==> [/usr/lib]
  collapse library dir [/usr/lib64] ==> [/usr/lib64]
  collapse library dir [/opt/rocm-6.1.0/lib/llvm/lib] ==> [/opt/rocm-6.1.0/lib/llvm/lib]
  implicit libs: [stdc++;m;omp;gcc_s;pthread;c;gcc_s]
  implicit objs: []
  implicit dirs: [/opt/rh/gcc-toolset-11/root/usr/lib/gcc/x86_64-redhat-linux/11;/opt/rh/gcc-toolset-11/root/usr/lib64;/lib64;/usr/lib64;/lib;/usr/lib;/opt/rocm-6.1.0/llvm/lib;/opt/rocm-6.1.0/lib/llvm/lib]
  implicit fwks: []


