Performing C SOURCE FILE Test CMAKE_HAVE_LIBC_PTHREAD failed with the following output:
Change Dir: /home/fasanchezc/dualsphysics_hip/dualsphysics_hip/src/source/build/CMakeFiles/CMakeTmp

Run Build Command(s):/usr/bin/gmake -f Makefile cmTC_b0e69/fast && /usr/bin/gmake  -f CMakeFiles/cmTC_b0e69.dir/build.make CMakeFiles/cmTC_b0e69.dir/build
gmake[1]: Entering directory '/home/fasanchezc/dualsphysics_hip/dualsphysics_hip/src/source/build/CMakeFiles/CMakeTmp'
Building C object CMakeFiles/cmTC_b0e69.dir/src.c.o
/opt/rocm-6.1.0/llvm/bin/clang -DCMAKE_HAVE_LIBC_PTHREAD   -MD -MT CMakeFiles/cmTC_b0e69.dir/src.c.o -MF CMakeFiles/cmTC_b0e69.dir/src.c.o.d -o CMakeFiles/cmTC_b0e69.dir/src.c.o -c /home/fasanchezc/dualsphysics_hip/dualsphysics_hip/src/source/build/CMakeFiles/CMakeTmp/src.c
Linking C executable cmTC_b0e69
/opt/ohpc/pub/utils/cmake/3.24.2/bin/cmake -E cmake_link_script CMakeFiles/cmTC_b0e69.dir/link.txt --verbose=1
/opt/rocm-6.1.0/llvm/bin/clang CMakeFiles/cmTC_b0e69.dir/src.c.o -o cmTC_b0e69 
ld.lld: error: undefined symbol: pthread_create
>>> referenced by src.c
>>>               CMakeFiles/cmTC_b0e69.dir/src.c.o:(main)

ld.lld: error: undefined symbol: pthread_detach
>>> referenced by src.c
>>>               CMakeFiles/cmTC_b0e69.dir/src.c.o:(main)

ld.lld: error: undefined symbol: pthread_cancel
>>> referenced by src.c
>>>               CMakeFiles/cmTC_b0e69.dir/src.c.o:(main)

ld.lld: error: undefined symbol: pthread_join
>>> referenced by src.c
>>>               CMakeFiles/cmTC_b0e69.dir/src.c.o:(main)
clang: error: linker command failed with exit code 1 (use -v to see invocation)
gmake[1]: *** [CMakeFiles/cmTC_b0e69.dir/build.make:100: cmTC_b0e69] Error 1
gmake[1]: Leaving directory '/home/fasanchezc/dualsphysics_hip/dualsphysics_hip/src/source/build/CMakeFiles/CMakeTmp'
gmake: *** [Makefile:127: cmTC_b0e69/fast] Error 2


Source file was:
#include <pthread.h>

static void* test_func(void* data)
{
  return data;
}

int main(void)
{
  pthread_t thread;
  pthread_create(&thread, NULL, test_func, NULL);
  pthread_detach(thread);
  pthread_cancel(thread);
  pthread_join(thread, NULL);
  pthread_atfork(NULL, NULL, NULL);
  pthread_exit(NULL);

  return 0;
}

Determining if the function pthread_create exists in the pthreads failed with the following output:
Change Dir: /home/fasanchezc/dualsphysics_hip/dualsphysics_hip/src/source/build/CMakeFiles/CMakeTmp

Run Build Command(s):/usr/bin/gmake -f Makefile cmTC_6455b/fast && /usr/bin/gmake  -f CMakeFiles/cmTC_6455b.dir/build.make CMakeFiles/cmTC_6455b.dir/build
gmake[1]: Entering directory '/home/fasanchezc/dualsphysics_hip/dualsphysics_hip/src/source/build/CMakeFiles/CMakeTmp'
Building C object CMakeFiles/cmTC_6455b.dir/CheckFunctionExists.c.o
/opt/rocm-6.1.0/llvm/bin/clang   -DCHECK_FUNCTION_EXISTS=pthread_create -MD -MT CMakeFiles/cmTC_6455b.dir/CheckFunctionExists.c.o -MF CMakeFiles/cmTC_6455b.dir/CheckFunctionExists.c.o.d -o CMakeFiles/cmTC_6455b.dir/CheckFunctionExists.c.o -c /opt/ohpc/pub/utils/cmake/3.24.2/share/cmake-3.24/Modules/CheckFunctionExists.c
Linking C executable cmTC_6455b
/opt/ohpc/pub/utils/cmake/3.24.2/bin/cmake -E cmake_link_script CMakeFiles/cmTC_6455b.dir/link.txt --verbose=1
/opt/rocm-6.1.0/llvm/bin/clang  -DCHECK_FUNCTION_EXISTS=pthread_create CMakeFiles/cmTC_6455b.dir/CheckFunctionExists.c.o -o cmTC_6455b  -lpthreads 
ld.lld: error: unable to find library -lpthreads
clang: error: linker command failed with exit code 1 (use -v to see invocation)
gmake[1]: *** [CMakeFiles/cmTC_6455b.dir/build.make:100: cmTC_6455b] Error 1
gmake[1]: Leaving directory '/home/fasanchezc/dualsphysics_hip/dualsphysics_hip/src/source/build/CMakeFiles/CMakeTmp'
gmake: *** [Makefile:127: cmTC_6455b/fast] Error 2



